Using pre-set license
Built from '2021.2/release' branch; Version is '2021.2.0f1 (4bf1ec4b23c9) revision 4977132'; Using compiler version '192829333'; Build Type 'Release'
OS: 'Windows 10 Home; OS build 19042.1466; Version 2009; 64bit' Language: 'en' Physical Memory: 16333 MB
BatchMode: 1, IsHumanControllingUs: 0, StartBugReporterOnCrash: 0, Is64bit: 1, IsPro: 0

COMMAND LINE ARGUMENTS:
C:\Program Files\Unity\Hub\Editor\2021.2.0f1\Editor\Unity.exe
-adb2
-batchMode
-noUpm
-name
AssetImportWorker4
-projectPath
D:/Unity/Projects/Udemy/Glitch-Garden/Glitch Garden Remastered
-logFile
Logs/AssetImportWorker4.log
-srvPort
65240
Successfully changed project path to: D:/Unity/Projects/Udemy/Glitch-Garden/Glitch Garden Remastered
D:/Unity/Projects/Udemy/Glitch-Garden/Glitch Garden Remastered
[UnityMemory] Configuration Parameters - Can be set up in boot.config
    "memorysetup-bucket-allocator-granularity=16"
    "memorysetup-bucket-allocator-bucket-count=8"
    "memorysetup-bucket-allocator-block-size=33554432"
    "memorysetup-bucket-allocator-block-count=8"
    "memorysetup-main-allocator-block-size=16777216"
    "memorysetup-thread-allocator-block-size=16777216"
    "memorysetup-gfx-main-allocator-block-size=16777216"
    "memorysetup-gfx-thread-allocator-block-size=16777216"
    "memorysetup-cache-allocator-block-size=4194304"
    "memorysetup-typetree-allocator-block-size=2097152"
    "memorysetup-profiler-bucket-allocator-granularity=16"
    "memorysetup-profiler-bucket-allocator-bucket-count=8"
    "memorysetup-profiler-bucket-allocator-block-size=33554432"
    "memorysetup-profiler-bucket-allocator-block-count=8"
    "memorysetup-profiler-allocator-block-size=16777216"
    "memorysetup-profiler-editor-allocator-block-size=1048576"
    "memorysetup-temp-allocator-size-main=16777216"
    "memorysetup-job-temp-allocator-block-size=2097152"
    "memorysetup-job-temp-allocator-block-size-background=1048576"
    "memorysetup-job-temp-allocator-reduction-small-platforms=262144"
    "memorysetup-temp-allocator-size-background-worker=32768"
    "memorysetup-temp-allocator-size-job-worker=262144"
    "memorysetup-temp-allocator-size-preload-manager=33554432"
    "memorysetup-temp-allocator-size-nav-mesh-worker=65536"
    "memorysetup-temp-allocator-size-audio-worker=65536"
    "memorysetup-temp-allocator-size-cloud-worker=32768"
    "memorysetup-temp-allocator-size-gi-baking-worker=262144"
    "memorysetup-temp-allocator-size-gfx=262144"
Refreshing native plugins compatible for Editor in 258.27 ms, found 4 plugins.
Preloading 0 native plugins for Editor in 0.00 ms.
Initialize engine version: 2021.2.0f1 (4bf1ec4b23c9)
[Subsystems] Discovering subsystems at path C:/Program Files/Unity/Hub/Editor/2021.2.0f1/Editor/Data/Resources/UnitySubsystems
[Subsystems] Discovering subsystems at path D:/Unity/Projects/Udemy/Glitch-Garden/Glitch Garden Remastered/Assets
GfxDevice: creating device client; threaded=0; jobified=0
Direct3D:
    Version:  Direct3D 11.0 [level 11.1]
    Renderer: NVIDIA GeForce GTX 1660 (ID=0x2184)
    Vendor:   NVIDIA
    VRAM:     5991 MB
    Driver:   30.0.14.9729
Shader 'MoreMountains/MMRipple': fallback shader 'Particle/AlphaBlended' not found
Initialize mono
Mono path[0] = 'C:/Program Files/Unity/Hub/Editor/2021.2.0f1/Editor/Data/Managed'
Mono path[1] = 'C:/Program Files/Unity/Hub/Editor/2021.2.0f1/Editor/Data/MonoBleedingEdge/lib/mono/unityjit-win32'
Mono config path = 'C:/Program Files/Unity/Hub/Editor/2021.2.0f1/Editor/Data/MonoBleedingEdge/etc'
Using monoOptions --debugger-agent=transport=dt_socket,embedding=1,server=y,suspend=n,address=127.0.0.1:56988
Begin MonoManager ReloadAssembly
Registering precompiled unity dll's ...
Register platform support module: C:/Program Files/Unity/Hub/Editor/2021.2.0f1/Editor/Data/PlaybackEngines/WebGLSupport/UnityEditor.WebGL.Extensions.dll
Register platform support module: C:/Program Files/Unity/Hub/Editor/2021.2.0f1/Editor/Data/PlaybackEngines/WindowsStandaloneSupport/UnityEditor.WindowsStandalone.Extensions.dll
Registered in 0.013632 seconds.
Native extension for WindowsStandalone target not found
Native extension for WebGL target not found
Refreshing native plugins compatible for Editor in 246.21 ms, found 4 plugins.
Preloading 0 native plugins for Editor in 0.00 ms.
Mono: successfully reloaded assembly
- Completed reload, in  1.577 seconds
Domain Reload Profiling:
	ReloadAssembly (1578ms)
		BeginReloadAssembly (105ms)
			ExecutionOrderSort (0ms)
			DisableScriptedObjects (0ms)
			BackupInstance (0ms)
			ReleaseScriptingObjects (0ms)
			CreateAndSetChildDomain (1ms)
		EndReloadAssembly (789ms)
			LoadAssemblies (101ms)
			RebuildTransferFunctionScriptingTraits (0ms)
			SetupTypeCache (136ms)
			ReleaseScriptCaches (0ms)
			RebuildScriptCaches (42ms)
			SetupLoadedEditorAssemblies (531ms)
				LogAssemblyErrors (0ms)
				InitializePlatformSupportModulesInManaged (14ms)
				SetLoadedEditorAssemblies (0ms)
				RefreshPlugins (246ms)
				BeforeProcessingInitializeOnLoad (2ms)
				ProcessInitializeOnLoadAttributes (203ms)
				ProcessInitializeOnLoadMethodAttributes (66ms)
				AfterProcessingInitializeOnLoad (0ms)
				EditorAssembliesLoaded (0ms)
			ExecutionOrderSort2 (0ms)
			AwakeInstancesAfterBackupRestoration (0ms)
Platform modules already initialized, skipping
Registering precompiled user dll's ...
Registered in 0.015350 seconds.
Begin MonoManager ReloadAssembly
Symbol file LoadedFromMemory doesn't match image D:\Unity\Projects\Udemy\Glitch-Garden\Glitch Garden Remastered\Library\PackageCache\com.unity.visualscripting@1.7.2\Editor\VisualScripting.Core\Dependencies\DotNetZip\Unity.VisualScripting.IonicZip.dll
Symbol file LoadedFromMemory doesn't match image D:\Unity\Projects\Udemy\Glitch-Garden\Glitch Garden Remastered\Library\PackageCache\com.unity.visualscripting@1.7.2\Editor\VisualScripting.Core\Dependencies\YamlDotNet\Unity.VisualScripting.YamlDotNet.dll
Native extension for WindowsStandalone target not found
Native extension for WebGL target not found
Refreshing native plugins compatible for Editor in 245.91 ms, found 4 plugins.
Preloading 0 native plugins for Editor in 0.00 ms.
Mono: successfully reloaded assembly
- Completed reload, in  5.072 seconds
Domain Reload Profiling:
	ReloadAssembly (5073ms)
		BeginReloadAssembly (243ms)
			ExecutionOrderSort (0ms)
			DisableScriptedObjects (8ms)
			BackupInstance (0ms)
			ReleaseScriptingObjects (0ms)
			CreateAndSetChildDomain (28ms)
		EndReloadAssembly (4686ms)
			LoadAssemblies (139ms)
			RebuildTransferFunctionScriptingTraits (0ms)
			SetupTypeCache (452ms)
			ReleaseScriptCaches (1ms)
			RebuildScriptCaches (143ms)
			SetupLoadedEditorAssemblies (3802ms)
				LogAssemblyErrors (0ms)
				InitializePlatformSupportModulesInManaged (18ms)
				SetLoadedEditorAssemblies (0ms)
				RefreshPlugins (246ms)
				BeforeProcessingInitializeOnLoad (205ms)
				ProcessInitializeOnLoadAttributes (3055ms)
				ProcessInitializeOnLoadMethodAttributes (262ms)
				AfterProcessingInitializeOnLoad (15ms)
				EditorAssembliesLoaded (0ms)
			ExecutionOrderSort2 (0ms)
			AwakeInstancesAfterBackupRestoration (8ms)
Platform modules already initialized, skipping
========================================================================
Worker process is ready to serve import requests
Shader 'MoreMountains/MMRipple': fallback shader 'Particle/AlphaBlended' not found
Launched and connected shader compiler UnityShaderCompiler.exe after 0.07 seconds
Refreshing native plugins compatible for Editor in 2.26 ms, found 4 plugins.
Preloading 0 native plugins for Editor in 0.00 ms.
Unloading 6651 Unused Serialized files (Serialized files now loaded: 0)
Unloading 91 unused Assets / (0.9 MB). Loaded Objects now: 7158.
Memory consumption went from 415.7 MB to 414.8 MB.
Total: 35.403300 ms (FindLiveObjects: 0.668600 ms CreateObjectMapping: 0.260300 ms MarkObjects: 33.937700 ms  DeleteObjects: 0.535000 ms)

AssetImportParameters requested are different than current active one (requested -> active):
  custom:video-decoder-ogg-theora: a1e56fd34408186e4bbccfd4996cb3dc -> 
  custom:container-muxer-webm: aa71ff27fc2769a1b78a27578f13a17b -> 
  custom:container-demuxer-webm: 4f35f7cbe854078d1ac9338744f61a02 -> 
  custom:video-encoder-webm-vp8: eb34c28f22e8b96e1ab97ce403110664 -> 
  custom:audio-encoder-webm-vorbis: bf7c407c2cedff20999df2af8eb42d56 -> 
  custom:framework-win-MediaFoundation: 216162199b28c13a410421893ffa2e32 -> 
  custom:container-demuxer-ogg: 62fdf1f143b41e24485cea50d1cbac27 -> 
  custom:video-decoder-webm-vp8: 9c59270c3fd7afecdb556c50c9e8de78 -> 
  custom:audio-decoder-ogg-vorbis: bf7c407c2cedff20999df2af8eb42d56 -> 
========================================================================
Received Import Request.
  Time since last request: 773601.493259 seconds.
  path: Assets/Menus
  artifactKey: Guid(00e8cc685bc76d04783a2c39180e31b1) Importer(815301076,1909f56bfc062723c751e8b465ee728b)
Start importing Assets/Menus using Guid(00e8cc685bc76d04783a2c39180e31b1) Importer(815301076,1909f56bfc062723c751e8b465ee728b)  -> (artifact id: 'fb3ff1ceabe4c5207b9cba0876673485') in 0.018152 seconds 
========================================================================
Received Import Request.
  Time since last request: 14.856746 seconds.
  path: Assets/_Scenes/z_Menus
  artifactKey: Guid(00e8cc685bc76d04783a2c39180e31b1) Importer(815301076,1909f56bfc062723c751e8b465ee728b)
Start importing Assets/_Scenes/z_Menus using Guid(00e8cc685bc76d04783a2c39180e31b1) Importer(815301076,1909f56bfc062723c751e8b465ee728b)  -> (artifact id: '0bebe34672f0b67e44ad34299b816729') in 0.005744 seconds 
========================================================================
Received Import Request.
  Time since last request: 81.721103 seconds.
  path: Assets/Prefabs/Post Processing/Spring Night Post Processing.prefab
  artifactKey: Guid(faa1e0462bd91134c9a6841f11f27180) Importer(815301076,1909f56bfc062723c751e8b465ee728b)
Start importing Assets/Prefabs/Post Processing/Spring Night Post Processing.prefab using Guid(faa1e0462bd91134c9a6841f11f27180) Importer(815301076,1909f56bfc062723c751e8b465ee728b)  -> (artifact id: '36b3cb0ff65f7bb335bc4067cd08a223') in 0.336576 seconds 
========================================================================
Received Import Request.
  Time since last request: 175.020928 seconds.
  path: Assets/Prefabs/Post Processing/Spring Evening Post Processing.prefab
  artifactKey: Guid(8f0d1a70952757b41ad80090161e742a) Importer(815301076,1909f56bfc062723c751e8b465ee728b)
Start importing Assets/Prefabs/Post Processing/Spring Evening Post Processing.prefab using Guid(8f0d1a70952757b41ad80090161e742a) Importer(815301076,1909f56bfc062723c751e8b465ee728b)  -> (artifact id: '19b66b824d2aa1f1be59d6f18ed60500') in 0.023272 seconds 
========================================================================
Received Import Request.
  Time since last request: 6.208647 seconds.
  path: Assets/_Scenes/Summer/Day/Level 16.unity
  artifactKey: Guid(6735dd9618e77c4409908c01ce8bd219) Importer(815301076,1909f56bfc062723c751e8b465ee728b)
Start importing Assets/_Scenes/Summer/Day/Level 16.unity using Guid(6735dd9618e77c4409908c01ce8bd219) Importer(815301076,1909f56bfc062723c751e8b465ee728b)  -> (artifact id: 'e4dea68113cba140165ffa2e1f227a85') in 0.007897 seconds 
========================================================================
Received Import Request.
  Time since last request: 94.863668 seconds.
  path: Assets/_Scenes/Spring/Evening/Level 06.unity
  artifactKey: Guid(92f54becdb44a89409cc192d24a5259f) Importer(815301076,1909f56bfc062723c751e8b465ee728b)
Start importing Assets/_Scenes/Spring/Evening/Level 06.unity using Guid(92f54becdb44a89409cc192d24a5259f) Importer(815301076,1909f56bfc062723c751e8b465ee728b)  -> (artifact id: '2e00b7e5309227e31839877a18ea07f8') in 0.002132 seconds 
========================================================================
Received Import Request.
  Time since last request: 31.204966 seconds.
  path: Assets/_Scenes/Spring/Night/Level 11.unity
  artifactKey: Guid(c2b42c89001fe4344bcc64c5ba516d91) Importer(815301076,1909f56bfc062723c751e8b465ee728b)
Start importing Assets/_Scenes/Spring/Night/Level 11.unity using Guid(c2b42c89001fe4344bcc64c5ba516d91) Importer(815301076,1909f56bfc062723c751e8b465ee728b)  -> (artifact id: '4c8f69635d1e22a104b7607bcaf4c0c9') in 0.006202 seconds 
========================================================================
Received Import Request.
  Time since last request: 18.087903 seconds.
  path: Assets/_Scenes/Summer/Evening/Level 21.unity
  artifactKey: Guid(e6fa964693d467746824f31e631b5f14) Importer(815301076,1909f56bfc062723c751e8b465ee728b)
Start importing Assets/_Scenes/Summer/Evening/Level 21.unity using Guid(e6fa964693d467746824f31e631b5f14) Importer(815301076,1909f56bfc062723c751e8b465ee728b)  -> (artifact id: 'b5dac04de79d2d83ef0c5e36fd6e2340') in 0.006002 seconds 
========================================================================
Received Import Request.
  Time since last request: 147.306774 seconds.
  path: Assets/_Scenes/Summer/Evening/Level 21.unity
  artifactKey: Guid(e6fa964693d467746824f31e631b5f14) Importer(815301076,1909f56bfc062723c751e8b465ee728b)
Start importing Assets/_Scenes/Summer/Evening/Level 21.unity using Guid(e6fa964693d467746824f31e631b5f14) Importer(815301076,1909f56bfc062723c751e8b465ee728b)  -> (artifact id: '26b41a2b60b4ba677951ea4b0d01a37d') in 0.002247 seconds 
========================================================================
Received Import Request.
  Time since last request: 826.199145 seconds.
  path: Assets/_Scenes/Autumn/Day/Level 31.unity
  artifactKey: Guid(b7306a73d2f7bd4439033389bf5c25a7) Importer(815301076,1909f56bfc062723c751e8b465ee728b)
Start importing Assets/_Scenes/Autumn/Day/Level 31.unity using Guid(b7306a73d2f7bd4439033389bf5c25a7) Importer(815301076,1909f56bfc062723c751e8b465ee728b)  -> (artifact id: '820c20f3909f23b7323ff3e15ad0bbcd') in 0.002715 seconds 
========================================================================
Received Import Request.
  Time since last request: 1463.116285 seconds.
  path: Assets/_Scenes/Autumn/Night/Level 41.unity
  artifactKey: Guid(48cfa1fa1ab863f43907d6ebac0824b2) Importer(815301076,1909f56bfc062723c751e8b465ee728b)
Start importing Assets/_Scenes/Autumn/Night/Level 41.unity using Guid(48cfa1fa1ab863f43907d6ebac0824b2) Importer(815301076,1909f56bfc062723c751e8b465ee728b)  -> (artifact id: '261897d47341af120400ca73f0dcc19e') in 0.002508 seconds 
========================================================================
Received Import Request.
  Time since last request: 0.932012 seconds.
  path: Assets/_Scenes/Autumn/Day/Level 31.unity
  artifactKey: Guid(b7306a73d2f7bd4439033389bf5c25a7) Importer(815301076,1909f56bfc062723c751e8b465ee728b)
Start importing Assets/_Scenes/Autumn/Day/Level 31.unity using Guid(b7306a73d2f7bd4439033389bf5c25a7) Importer(815301076,1909f56bfc062723c751e8b465ee728b)  -> (artifact id: '44bd96471f9bdc50ec3e209a158249a9') in 0.002114 seconds 
========================================================================
Received Import Request.
  Time since last request: 3.543048 seconds.
  path: Assets/_Scenes/Autumn/Evening/Level 36.unity
  artifactKey: Guid(efc8a232e9f81304d8e0a49b43cf7788) Importer(815301076,1909f56bfc062723c751e8b465ee728b)
Start importing Assets/_Scenes/Autumn/Evening/Level 36.unity using Guid(efc8a232e9f81304d8e0a49b43cf7788) Importer(815301076,1909f56bfc062723c751e8b465ee728b)  -> (artifact id: 'c81aae65a6220b790056365898617d37') in 0.002232 seconds 
========================================================================
Received Import Request.
  Time since last request: 63.680958 seconds.
  path: Assets/Prefabs/Post Processing/Winter Night Post Processing.prefab
  artifactKey: Guid(a295966c0460abe4a80e2c050cfcf632) Importer(815301076,1909f56bfc062723c751e8b465ee728b)
Start importing Assets/Prefabs/Post Processing/Winter Night Post Processing.prefab using Guid(a295966c0460abe4a80e2c050cfcf632) Importer(815301076,1909f56bfc062723c751e8b465ee728b)  -> (artifact id: '1ce91dfdeaa1105ee91a6cb378bc6a52') in 0.045977 seconds 
========================================================================
Received Import Request.
  Time since last request: 311.597554 seconds.
  path: Assets/_Scenes/Winter/Evening/Level 51.unity
  artifactKey: Guid(0657d3a8a971c92458703c0f2ba129cf) Importer(815301076,1909f56bfc062723c751e8b465ee728b)
Start importing Assets/_Scenes/Winter/Evening/Level 51.unity using Guid(0657d3a8a971c92458703c0f2ba129cf) Importer(815301076,1909f56bfc062723c751e8b465ee728b)  -> (artifact id: '076a7d908baaac7b0408e6cec39d400c') in 0.006469 seconds 
========================================================================
Received Import Request.
  Time since last request: 84.397738 seconds.
  path: Assets/_Scenes/Summer/Night/Level 26.unity
  artifactKey: Guid(539a57906705ada41adc27b2cf5abec0) Importer(815301076,1909f56bfc062723c751e8b465ee728b)
Start importing Assets/_Scenes/Summer/Night/Level 26.unity using Guid(539a57906705ada41adc27b2cf5abec0) Importer(815301076,1909f56bfc062723c751e8b465ee728b)  -> (artifact id: '8f305dbbe2c655f5261f72c7feafe816') in 0.002335 seconds 
========================================================================
Received Import Request.
  Time since last request: 6.094277 seconds.
  path: Assets/_Scenes/Autumn/Night/Level 41.unity
  artifactKey: Guid(48cfa1fa1ab863f43907d6ebac0824b2) Importer(815301076,1909f56bfc062723c751e8b465ee728b)
Start importing Assets/_Scenes/Autumn/Night/Level 41.unity using Guid(48cfa1fa1ab863f43907d6ebac0824b2) Importer(815301076,1909f56bfc062723c751e8b465ee728b)  -> (artifact id: 'fce0325587e9bd40aeb827e6b6ac3c24') in 0.002211 seconds 
========================================================================
Received Import Request.
  Time since last request: 181.620517 seconds.
  path: Assets/_Scenes/Autumn/Night/Level 41.unity
  artifactKey: Guid(48cfa1fa1ab863f43907d6ebac0824b2) Importer(815301076,1909f56bfc062723c751e8b465ee728b)
Start importing Assets/_Scenes/Autumn/Night/Level 41.unity using Guid(48cfa1fa1ab863f43907d6ebac0824b2) Importer(815301076,1909f56bfc062723c751e8b465ee728b)  -> (artifact id: 'f0bbe1b3d461c7dd90e90cbc304c3186') in 0.002683 seconds 
========================================================================
Received Import Request.
  Time since last request: 70.207234 seconds.
  path: Assets/_Scenes/Winter/Day/Level 46.unity
  artifactKey: Guid(a831a5d3322f12c438a4bd2f9a32100f) Importer(815301076,1909f56bfc062723c751e8b465ee728b)
Start importing Assets/_Scenes/Winter/Day/Level 46.unity using Guid(a831a5d3322f12c438a4bd2f9a32100f) Importer(815301076,1909f56bfc062723c751e8b465ee728b)  -> (artifact id: '48075595c9356cb359cb12b452df5658') in 0.010537 seconds 
========================================================================
Received Import Request.
  Time since last request: 675.099467 seconds.
  path: Assets/_Scenes/Winter/Night/Level 56.unity
  artifactKey: Guid(07cc106535ec62e44a7a9fe44c636042) Importer(815301076,1909f56bfc062723c751e8b465ee728b)
Start importing Assets/_Scenes/Winter/Night/Level 56.unity using Guid(07cc106535ec62e44a7a9fe44c636042) Importer(815301076,1909f56bfc062723c751e8b465ee728b)  -> (artifact id: '5f0e8a839d42dd8cf13004d7ebcd9b34') in 0.016510 seconds 
========================================================================
Received Import Request.
  Time since last request: 104.232938 seconds.
  path: Assets/_Scenes/Spring/Night/Level 11.unity
  artifactKey: Guid(c2b42c89001fe4344bcc64c5ba516d91) Importer(815301076,1909f56bfc062723c751e8b465ee728b)
Start importing Assets/_Scenes/Spring/Night/Level 11.unity using Guid(c2b42c89001fe4344bcc64c5ba516d91) Importer(815301076,1909f56bfc062723c751e8b465ee728b)  -> (artifact id: '2b5013d18917c44140fd4e63572a3a83') in 0.010361 seconds 
========================================================================
Received Import Request.
  Time since last request: 111.588347 seconds.
  path: Assets/Plugins/Epic Toon FX/Prefabs/Environment/Fog/Grey
  artifactKey: Guid(bb7b59e94dc9cf34aaf46c781188f944) Importer(815301076,1909f56bfc062723c751e8b465ee728b)
Start importing Assets/Plugins/Epic Toon FX/Prefabs/Environment/Fog/Grey using Guid(bb7b59e94dc9cf34aaf46c781188f944) Importer(815301076,1909f56bfc062723c751e8b465ee728b)  -> (artifact id: '8256405d7f472e271f0b128f33b4beff') in 0.015301 seconds 
========================================================================
Received Import Request.
  Time since last request: 738.274256 seconds.
  path: Assets/Plugins/Epic Toon FX/Prefabs/Environment/Fog/White/FogHeavyWhite.prefab
  artifactKey: Guid(5c44ffd6bd009b5478488ee0c5e53673) Importer(815301076,1909f56bfc062723c751e8b465ee728b)
Start importing Assets/Plugins/Epic Toon FX/Prefabs/Environment/Fog/White/FogHeavyWhite.prefab using Guid(5c44ffd6bd009b5478488ee0c5e53673) Importer(815301076,1909f56bfc062723c751e8b465ee728b)  -> (artifact id: 'befa44ab8b491c970d98fb225a285818') in 0.113188 seconds 
