Using pre-set license
Built from '2021.3/staging' branch; Version is '2021.3.8f1 (b30333d56e81) revision 11731763'; Using compiler version '192829333'; Build Type 'Release'
OS: 'Windows 10  (10.0.19045) 64bit Core' Language: 'en' Physical Memory: 32717 MB
BatchMode: 1, IsHumanControllingUs: 0, StartBugReporterOnCrash: 0, Is64bit: 1, IsPro: 1

COMMAND LINE ARGUMENTS:
C:\Program Files\Unity\Hub\Editor\2021.3.8f1\Editor\Unity.exe
-adb2
-batchMode
-noUpm
-name
AssetImportWorker2
-projectPath
D:/Unity/Projects/GameDev TV - Udemy/Glitch-Garden/Glitch Garden Remastered
-logFile
Logs/AssetImportWorker2.log
-srvPort
53849
Successfully changed project path to: D:/Unity/Projects/GameDev TV - Udemy/Glitch-Garden/Glitch Garden Remastered
D:/Unity/Projects/GameDev TV - Udemy/Glitch-Garden/Glitch Garden Remastered
[UnityMemory] Configuration Parameters - Can be set up in boot.config
    "memorysetup-bucket-allocator-granularity=16"
    "memorysetup-bucket-allocator-bucket-count=8"
    "memorysetup-bucket-allocator-block-size=33554432"
    "memorysetup-bucket-allocator-block-count=8"
    "memorysetup-main-allocator-block-size=16777216"
    "memorysetup-thread-allocator-block-size=16777216"
    "memorysetup-gfx-main-allocator-block-size=16777216"
    "memorysetup-gfx-thread-allocator-block-size=16777216"
    "memorysetup-cache-allocator-block-size=4194304"
    "memorysetup-typetree-allocator-block-size=2097152"
    "memorysetup-profiler-bucket-allocator-granularity=16"
    "memorysetup-profiler-bucket-allocator-bucket-count=8"
    "memorysetup-profiler-bucket-allocator-block-size=33554432"
    "memorysetup-profiler-bucket-allocator-block-count=8"
    "memorysetup-profiler-allocator-block-size=16777216"
    "memorysetup-profiler-editor-allocator-block-size=1048576"
    "memorysetup-temp-allocator-size-main=16777216"
    "memorysetup-job-temp-allocator-block-size=2097152"
    "memorysetup-job-temp-allocator-block-size-background=1048576"
    "memorysetup-job-temp-allocator-reduction-small-platforms=262144"
    "memorysetup-temp-allocator-size-background-worker=32768"
    "memorysetup-temp-allocator-size-job-worker=262144"
    "memorysetup-temp-allocator-size-preload-manager=33554432"
    "memorysetup-temp-allocator-size-nav-mesh-worker=65536"
    "memorysetup-temp-allocator-size-audio-worker=65536"
    "memorysetup-temp-allocator-size-cloud-worker=32768"
    "memorysetup-temp-allocator-size-gi-baking-worker=262144"
    "memorysetup-temp-allocator-size-gfx=262144"
Refreshing native plugins compatible for Editor in 521.79 ms, found 6 plugins.
Preloading 0 native plugins for Editor in 0.00 ms.
Initialize engine version: 2021.3.8f1 (b30333d56e81)
[Subsystems] Discovering subsystems at path C:/Program Files/Unity/Hub/Editor/2021.3.8f1/Editor/Data/Resources/UnitySubsystems
[Subsystems] Discovering subsystems at path D:/Unity/Projects/GameDev TV - Udemy/Glitch-Garden/Glitch Garden Remastered/Assets
GfxDevice: creating device client; threaded=0; jobified=0
Direct3D:
    Version:  Direct3D 11.0 [level 11.1]
    Renderer: NVIDIA GeForce RTX 4070 (ID=0x2786)
    Vendor:   NVIDIA
    VRAM:     12011 MB
    Driver:   31.0.15.5161
Shader 'MoreMountains/MMRipple': fallback shader 'Particle/AlphaBlended' not found
Initialize mono
Mono path[0] = 'C:/Program Files/Unity/Hub/Editor/2021.3.8f1/Editor/Data/Managed'
Mono path[1] = 'C:/Program Files/Unity/Hub/Editor/2021.3.8f1/Editor/Data/MonoBleedingEdge/lib/mono/unityjit-win32'
Mono config path = 'C:/Program Files/Unity/Hub/Editor/2021.3.8f1/Editor/Data/MonoBleedingEdge/etc'
Using monoOptions --debugger-agent=transport=dt_socket,embedding=1,server=y,suspend=n,address=127.0.0.1:56136
Begin MonoManager ReloadAssembly
Registering precompiled unity dll's ...
Register platform support module: C:/Program Files/Unity/Hub/Editor/2021.3.8f1/Editor/Data/PlaybackEngines/WebGLSupport/UnityEditor.WebGL.Extensions.dll
Register platform support module: C:/Program Files/Unity/Hub/Editor/2021.3.8f1/Editor/Data/PlaybackEngines/WindowsStandaloneSupport/UnityEditor.WindowsStandalone.Extensions.dll
Registered in 0.015835 seconds.
Native extension for WindowsStandalone target not found
Native extension for WebGL target not found
Refreshing native plugins compatible for Editor in 407.73 ms, found 6 plugins.
Preloading 0 native plugins for Editor in 0.00 ms.
Mono: successfully reloaded assembly
- Completed reload, in  1.521 seconds
Domain Reload Profiling:
	ReloadAssembly (1522ms)
		BeginReloadAssembly (110ms)
			ExecutionOrderSort (0ms)
			DisableScriptedObjects (0ms)
			BackupInstance (0ms)
			ReleaseScriptingObjects (0ms)
			CreateAndSetChildDomain (1ms)
		EndReloadAssembly (1107ms)
			LoadAssemblies (106ms)
			RebuildTransferFunctionScriptingTraits (0ms)
			SetupTypeCache (321ms)
			ReleaseScriptCaches (0ms)
			RebuildScriptCaches (40ms)
			SetupLoadedEditorAssemblies (668ms)
				LogAssemblyErrors (0ms)
				InitializePlatformSupportModulesInManaged (14ms)
				SetLoadedEditorAssemblies (0ms)
				RefreshPlugins (408ms)
				BeforeProcessingInitializeOnLoad (2ms)
				ProcessInitializeOnLoadAttributes (180ms)
				ProcessInitializeOnLoadMethodAttributes (64ms)
				AfterProcessingInitializeOnLoad (0ms)
				EditorAssembliesLoaded (0ms)
			ExecutionOrderSort2 (0ms)
			AwakeInstancesAfterBackupRestoration (0ms)
Platform modules already initialized, skipping
Registering precompiled user dll's ...
Registered in 0.016459 seconds.
Begin MonoManager ReloadAssembly
Symbol file LoadedFromMemory doesn't match image D:\Unity\Projects\GameDev TV - Udemy\Glitch-Garden\Glitch Garden Remastered\Library\PackageCache\com.unity.visualscripting@1.7.8\Editor\VisualScripting.Core\Dependencies\DotNetZip\Unity.VisualScripting.IonicZip.dll
Symbol file LoadedFromMemory doesn't match image D:\Unity\Projects\GameDev TV - Udemy\Glitch-Garden\Glitch Garden Remastered\Library\PackageCache\com.unity.visualscripting@1.7.8\Editor\VisualScripting.Core\Dependencies\YamlDotNet\Unity.VisualScripting.YamlDotNet.dll
Native extension for WindowsStandalone target not found
Native extension for WebGL target not found
Refreshing native plugins compatible for Editor in 398.59 ms, found 6 plugins.
Preloading 0 native plugins for Editor in 0.00 ms.
Mono: successfully reloaded assembly
- Completed reload, in  4.334 seconds
Domain Reload Profiling:
	ReloadAssembly (4336ms)
		BeginReloadAssembly (154ms)
			ExecutionOrderSort (0ms)
			DisableScriptedObjects (8ms)
			BackupInstance (0ms)
			ReleaseScriptingObjects (0ms)
			CreateAndSetChildDomain (24ms)
		EndReloadAssembly (4023ms)
			LoadAssemblies (146ms)
			RebuildTransferFunctionScriptingTraits (0ms)
			SetupTypeCache (423ms)
			ReleaseScriptCaches (1ms)
			RebuildScriptCaches (141ms)
			SetupLoadedEditorAssemblies (3257ms)
				LogAssemblyErrors (0ms)
				InitializePlatformSupportModulesInManaged (10ms)
				SetLoadedEditorAssemblies (0ms)
				RefreshPlugins (399ms)
				BeforeProcessingInitializeOnLoad (210ms)
				ProcessInitializeOnLoadAttributes (2233ms)
				ProcessInitializeOnLoadMethodAttributes (386ms)
				AfterProcessingInitializeOnLoad (19ms)
				EditorAssembliesLoaded (0ms)
			ExecutionOrderSort2 (0ms)
			AwakeInstancesAfterBackupRestoration (7ms)
Platform modules already initialized, skipping
========================================================================
Worker process is ready to serve import requests
Shader 'MoreMountains/MMRipple': fallback shader 'Particle/AlphaBlended' not found
Launched and connected shader compiler UnityShaderCompiler.exe after 0.08 seconds
Refreshing native plugins compatible for Editor in 3.52 ms, found 6 plugins.
Preloading 0 native plugins for Editor in 0.00 ms.
Unloading 7044 Unused Serialized files (Serialized files now loaded: 0)
Unloading 95 unused Assets / (2.2 MB). Loaded Objects now: 7550.
Memory consumption went from 444.6 MB to 442.4 MB.
Total: 35.537200 ms (FindLiveObjects: 0.773800 ms CreateObjectMapping: 0.280700 ms MarkObjects: 33.549800 ms  DeleteObjects: 0.931400 ms)

AssetImportParameters requested are different than current active one (requested -> active):
  custom:video-decoder-ogg-theora: a1e56fd34408186e4bbccfd4996cb3dc -> 
  custom:container-muxer-webm: aa71ff27fc2769a1b78a27578f13a17b -> 
  custom:container-demuxer-webm: 4f35f7cbe854078d1ac9338744f61a02 -> 
  custom:video-encoder-webm-vp8: eb34c28f22e8b96e1ab97ce403110664 -> 
  custom:audio-encoder-webm-vorbis: bf7c407c2cedff20999df2af8eb42d56 -> 
  custom:framework-win-MediaFoundation: 216162199b28c13a410421893ffa2e32 -> 
  custom:container-demuxer-ogg: 62fdf1f143b41e24485cea50d1cbac27 -> 
  custom:video-decoder-webm-vp8: 9c59270c3fd7afecdb556c50c9e8de78 -> 
  custom:audio-decoder-ogg-vorbis: bf7c407c2cedff20999df2af8eb42d56 -> 
========================================================================
Received Import Request.
  Time since last request: 76748.094021 seconds.
  path: Assets/Prefabs/Post Processing/Summer Evening Post Processing.prefab
  artifactKey: Guid(2a3d9f0a73e6075478b43d2e4818073b) Importer(815301076,1909f56bfc062723c751e8b465ee728b)
Start importing Assets/Prefabs/Post Processing/Summer Evening Post Processing.prefab using Guid(2a3d9f0a73e6075478b43d2e4818073b) Importer(815301076,1909f56bfc062723c751e8b465ee728b)  -> (artifact id: 'ef4bcf7ffc08c6afa0ca0d65c823251c') in 0.350091 seconds 
========================================================================
Received Import Request.
  Time since last request: 3.884888 seconds.
  path: Assets/Prefabs/Post Processing/Autumn Evening Post Processing.prefab
  artifactKey: Guid(4c7e8da064c738646ad2472c5c05c16b) Importer(815301076,1909f56bfc062723c751e8b465ee728b)
Start importing Assets/Prefabs/Post Processing/Autumn Evening Post Processing.prefab using Guid(4c7e8da064c738646ad2472c5c05c16b) Importer(815301076,1909f56bfc062723c751e8b465ee728b)  -> (artifact id: 'e0faa6e67561c94eda2101ad8b1b4f35') in 0.041405 seconds 
========================================================================
Received Import Request.
  Time since last request: 1.924498 seconds.
  path: Assets/Prefabs/Post Processing/Winter Evening Post Processing.prefab
  artifactKey: Guid(030702918dac046438adb6adcccc4da5) Importer(815301076,1909f56bfc062723c751e8b465ee728b)
Start importing Assets/Prefabs/Post Processing/Winter Evening Post Processing.prefab using Guid(030702918dac046438adb6adcccc4da5) Importer(815301076,1909f56bfc062723c751e8b465ee728b)  -> (artifact id: 'a4879d58dabcdc590146d652cf300a7d') in 0.039679 seconds 
========================================================================
Received Import Request.
  Time since last request: 6.088427 seconds.
  path: Assets/Prefabs/Post Processing/Spring Night Post Processing.prefab
  artifactKey: Guid(faa1e0462bd91134c9a6841f11f27180) Importer(815301076,1909f56bfc062723c751e8b465ee728b)
Start importing Assets/Prefabs/Post Processing/Spring Night Post Processing.prefab using Guid(faa1e0462bd91134c9a6841f11f27180) Importer(815301076,1909f56bfc062723c751e8b465ee728b)  -> (artifact id: '63f32eec2ebc444ca6c36575e23bffdb') in 0.038098 seconds 
========================================================================
Received Import Request.
  Time since last request: 10.401311 seconds.
  path: Assets/GUI PRO Kit - Casual Game/Preview/Equipment.png
  artifactKey: Guid(246a6f98d1a8640c9b3aa64528182d24) Importer(815301076,1909f56bfc062723c751e8b465ee728b)
Start importing Assets/GUI PRO Kit - Casual Game/Preview/Equipment.png using Guid(246a6f98d1a8640c9b3aa64528182d24) Importer(815301076,1909f56bfc062723c751e8b465ee728b)  -> (artifact id: '8df69550eb54664457fb586c5572084c') in 0.230607 seconds 
========================================================================
Received Import Request.
  Time since last request: 0.000039 seconds.
  path: Assets/Sprites/Attackers/Fox/Fox Eating End.png
  artifactKey: Guid(83ae094db0161db4aaaf90c05cbf624b) Importer(815301076,1909f56bfc062723c751e8b465ee728b)
Start importing Assets/Sprites/Attackers/Fox/Fox Eating End.png using Guid(83ae094db0161db4aaaf90c05cbf624b) Importer(815301076,1909f56bfc062723c751e8b465ee728b)  -> (artifact id: 'b734869252705fef8d63f3ec65f96685') in 0.189882 seconds 
========================================================================
Received Import Request.
  Time since last request: 0.000038 seconds.
  path: Assets/Sprites/Bosses/Final Boss.png
  artifactKey: Guid(5f90d450ff1f94644ae256af48c5a9d7) Importer(815301076,1909f56bfc062723c751e8b465ee728b)
Start importing Assets/Sprites/Bosses/Final Boss.png using Guid(5f90d450ff1f94644ae256af48c5a9d7) Importer(815301076,1909f56bfc062723c751e8b465ee728b)  -> (artifact id: 'c869b7c528f0a0c57d89bee132f7a0e5') in 0.192622 seconds 
========================================================================
Received Import Request.
  Time since last request: 1.124019 seconds.
  path: Assets/VFX/Flares/Night Flare.png
  artifactKey: Guid(aba56d8ffd6d80c45b25040a4a60ec80) Importer(815301076,1909f56bfc062723c751e8b465ee728b)
Start importing Assets/VFX/Flares/Night Flare.png using Guid(aba56d8ffd6d80c45b25040a4a60ec80) Importer(815301076,1909f56bfc062723c751e8b465ee728b)  -> (artifact id: 'e539db2c87a0072c413399be26dc259b') in 0.140142 seconds 
========================================================================
Received Import Request.
  Time since last request: 10.424678 seconds.
  path: Assets/Prefabs/Post Processing/Summer Night Post Processing.prefab
  artifactKey: Guid(d17265e324ab40240bcf5301bc7758c2) Importer(815301076,1909f56bfc062723c751e8b465ee728b)
Start importing Assets/Prefabs/Post Processing/Summer Night Post Processing.prefab using Guid(d17265e324ab40240bcf5301bc7758c2) Importer(815301076,1909f56bfc062723c751e8b465ee728b)  -> (artifact id: '229f8cb138a71af8287787a90c22d91d') in 0.048343 seconds 
========================================================================
Received Import Request.
  Time since last request: 4.315025 seconds.
  path: Assets/Prefabs/Post Processing/Spring Night Post Processing.prefab
  artifactKey: Guid(faa1e0462bd91134c9a6841f11f27180) Importer(815301076,1909f56bfc062723c751e8b465ee728b)
Start importing Assets/Prefabs/Post Processing/Spring Night Post Processing.prefab using Guid(faa1e0462bd91134c9a6841f11f27180) Importer(815301076,1909f56bfc062723c751e8b465ee728b)  -> (artifact id: '9b098dbdcffdf6676115a3a23c8129e7') in 0.032620 seconds 
========================================================================
Received Import Request.
  Time since last request: 9.425294 seconds.
  path: Assets/Prefabs/Post Processing/Spring Morning Post Processing.prefab
  artifactKey: Guid(ef9f614db8a3c114489f497c011784be) Importer(815301076,1909f56bfc062723c751e8b465ee728b)
Start importing Assets/Prefabs/Post Processing/Spring Morning Post Processing.prefab using Guid(ef9f614db8a3c114489f497c011784be) Importer(815301076,1909f56bfc062723c751e8b465ee728b)  -> (artifact id: '3a9b1121a738423ff5c36539ebe7ac0f') in 0.023263 seconds 
========================================================================
Received Import Request.
  Time since last request: 1.614009 seconds.
  path: Assets/Prefabs/Post Processing/Spring Evening Post Processing.prefab
  artifactKey: Guid(8f0d1a70952757b41ad80090161e742a) Importer(815301076,1909f56bfc062723c751e8b465ee728b)
Start importing Assets/Prefabs/Post Processing/Spring Evening Post Processing.prefab using Guid(8f0d1a70952757b41ad80090161e742a) Importer(815301076,1909f56bfc062723c751e8b465ee728b)  -> (artifact id: 'cf4a9134cb3ea476e291e9215c66babb') in 0.026293 seconds 
========================================================================
Received Import Request.
  Time since last request: 3.458008 seconds.
  path: Assets/Prefabs/Post Processing/Spring Night Post Processing.prefab
  artifactKey: Guid(faa1e0462bd91134c9a6841f11f27180) Importer(815301076,1909f56bfc062723c751e8b465ee728b)
Start importing Assets/Prefabs/Post Processing/Spring Night Post Processing.prefab using Guid(faa1e0462bd91134c9a6841f11f27180) Importer(815301076,1909f56bfc062723c751e8b465ee728b)  -> (artifact id: '5905c0ba17e27d93ed0ffdded22b5c4a') in 0.034843 seconds 
========================================================================
Received Import Request.
  Time since last request: 3.016316 seconds.
  path: Assets/Prefabs/Post Processing/Summer Night Post Processing.prefab
  artifactKey: Guid(d17265e324ab40240bcf5301bc7758c2) Importer(815301076,1909f56bfc062723c751e8b465ee728b)
Start importing Assets/Prefabs/Post Processing/Summer Night Post Processing.prefab using Guid(d17265e324ab40240bcf5301bc7758c2) Importer(815301076,1909f56bfc062723c751e8b465ee728b)  -> (artifact id: '9bf392a183edc277135d390bf85431ef') in 0.038041 seconds 
========================================================================
Received Import Request.
  Time since last request: 1.516815 seconds.
  path: Assets/Prefabs/Post Processing/Autumn Night Post Processing.prefab
  artifactKey: Guid(3c173feb082a92f40bf240760e7585a2) Importer(815301076,1909f56bfc062723c751e8b465ee728b)
Start importing Assets/Prefabs/Post Processing/Autumn Night Post Processing.prefab using Guid(3c173feb082a92f40bf240760e7585a2) Importer(815301076,1909f56bfc062723c751e8b465ee728b)  -> (artifact id: '054e8fd97ef578885b27958c403abc02') in 0.058559 seconds 
========================================================================
Received Import Request.
  Time since last request: 1.512015 seconds.
  path: Assets/Prefabs/Post Processing/Winter Night Post Processing.prefab
  artifactKey: Guid(a295966c0460abe4a80e2c050cfcf632) Importer(815301076,1909f56bfc062723c751e8b465ee728b)
Start importing Assets/Prefabs/Post Processing/Winter Night Post Processing.prefab using Guid(a295966c0460abe4a80e2c050cfcf632) Importer(815301076,1909f56bfc062723c751e8b465ee728b)  -> (artifact id: 'dbabcc256e7d0b51ca4f1d32d5079767') in 0.052058 seconds 
========================================================================
Received Prepare
Registering precompiled user dll's ...
Registered in 0.021747 seconds.
Begin MonoManager ReloadAssembly
Symbol file LoadedFromMemory doesn't match image D:\Unity\Projects\GameDev TV - Udemy\Glitch-Garden\Glitch Garden Remastered\Library\PackageCache\com.unity.visualscripting@1.7.8\Editor\VisualScripting.Core\Dependencies\DotNetZip\Unity.VisualScripting.IonicZip.dll
Symbol file LoadedFromMemory doesn't match image D:\Unity\Projects\GameDev TV - Udemy\Glitch-Garden\Glitch Garden Remastered\Library\PackageCache\com.unity.visualscripting@1.7.8\Editor\VisualScripting.Core\Dependencies\YamlDotNet\Unity.VisualScripting.YamlDotNet.dll
Native extension for WindowsStandalone target not found
Native extension for WebGL target not found
Refreshing native plugins compatible for Editor in 3.73 ms, found 6 plugins.
Preloading 0 native plugins for Editor in 0.00 ms.
Mono: successfully reloaded assembly
- Completed reload, in  4.078 seconds
Domain Reload Profiling:
	ReloadAssembly (4079ms)
		BeginReloadAssembly (232ms)
			ExecutionOrderSort (0ms)
			DisableScriptedObjects (12ms)
			BackupInstance (0ms)
			ReleaseScriptingObjects (0ms)
			CreateAndSetChildDomain (87ms)
		EndReloadAssembly (3703ms)
			LoadAssemblies (160ms)
			RebuildTransferFunctionScriptingTraits (0ms)
			SetupTypeCache (474ms)
			ReleaseScriptCaches (3ms)
			RebuildScriptCaches (102ms)
			SetupLoadedEditorAssemblies (2863ms)
				LogAssemblyErrors (0ms)
				InitializePlatformSupportModulesInManaged (23ms)
				SetLoadedEditorAssemblies (1ms)
				RefreshPlugins (4ms)
				BeforeProcessingInitializeOnLoad (195ms)
				ProcessInitializeOnLoadAttributes (2207ms)
				ProcessInitializeOnLoadMethodAttributes (414ms)
				AfterProcessingInitializeOnLoad (20ms)
				EditorAssembliesLoaded (1ms)
			ExecutionOrderSort2 (0ms)
			AwakeInstancesAfterBackupRestoration (20ms)
Platform modules already initialized, skipping
Shader 'MoreMountains/MMRipple': fallback shader 'Particle/AlphaBlended' not found
Refreshing native plugins compatible for Editor in 9.10 ms, found 6 plugins.
Preloading 0 native plugins for Editor in 0.00 ms.
Unloading 6829 Unused Serialized files (Serialized files now loaded: 0)
Unloading 73 unused Assets / (2.2 MB). Loaded Objects now: 7633.
Memory consumption went from 444.2 MB to 442.0 MB.
Total: 37.706100 ms (FindLiveObjects: 0.640400 ms CreateObjectMapping: 0.231900 ms MarkObjects: 35.779100 ms  DeleteObjects: 1.052500 ms)

AssetImportParameters requested are different than current active one (requested -> active):
  custom:video-decoder-ogg-theora: a1e56fd34408186e4bbccfd4996cb3dc -> 
  custom:container-muxer-webm: aa71ff27fc2769a1b78a27578f13a17b -> 
  custom:container-demuxer-webm: 4f35f7cbe854078d1ac9338744f61a02 -> 
  custom:video-encoder-webm-vp8: eb34c28f22e8b96e1ab97ce403110664 -> 
  custom:audio-encoder-webm-vorbis: bf7c407c2cedff20999df2af8eb42d56 -> 
  custom:framework-win-MediaFoundation: 216162199b28c13a410421893ffa2e32 -> 
  custom:container-demuxer-ogg: 62fdf1f143b41e24485cea50d1cbac27 -> 
  custom:video-decoder-webm-vp8: 9c59270c3fd7afecdb556c50c9e8de78 -> 
  custom:audio-decoder-ogg-vorbis: bf7c407c2cedff20999df2af8eb42d56 -> 
========================================================================
Received Import Request.
  Time since last request: 133.846053 seconds.
  path: Assets/_Scenes/Summer/Evening/Level 25.unity
  artifactKey: Guid(aa88b6a5b0a7f2f4296ba89932314441) Importer(815301076,1909f56bfc062723c751e8b465ee728b)
Start importing Assets/_Scenes/Summer/Evening/Level 25.unity using Guid(aa88b6a5b0a7f2f4296ba89932314441) Importer(815301076,1909f56bfc062723c751e8b465ee728b)  -> (artifact id: '868da47cae25017c10925926aaa30999') in 0.023079 seconds 
========================================================================
Received Prepare
Registering precompiled user dll's ...
Registered in 0.017093 seconds.
Begin MonoManager ReloadAssembly
Symbol file LoadedFromMemory doesn't match image D:\Unity\Projects\GameDev TV - Udemy\Glitch-Garden\Glitch Garden Remastered\Library\PackageCache\com.unity.visualscripting@1.7.8\Editor\VisualScripting.Core\Dependencies\DotNetZip\Unity.VisualScripting.IonicZip.dll
Symbol file LoadedFromMemory doesn't match image D:\Unity\Projects\GameDev TV - Udemy\Glitch-Garden\Glitch Garden Remastered\Library\PackageCache\com.unity.visualscripting@1.7.8\Editor\VisualScripting.Core\Dependencies\YamlDotNet\Unity.VisualScripting.YamlDotNet.dll
Native extension for WindowsStandalone target not found
Native extension for WebGL target not found
Refreshing native plugins compatible for Editor in 3.70 ms, found 6 plugins.
Preloading 0 native plugins for Editor in 0.00 ms.
Mono: successfully reloaded assembly
- Completed reload, in  4.070 seconds
Domain Reload Profiling:
	ReloadAssembly (4071ms)
		BeginReloadAssembly (215ms)
			ExecutionOrderSort (0ms)
			DisableScriptedObjects (10ms)
			BackupInstance (0ms)
			ReleaseScriptingObjects (0ms)
			CreateAndSetChildDomain (80ms)
		EndReloadAssembly (3689ms)
			LoadAssemblies (155ms)
			RebuildTransferFunctionScriptingTraits (0ms)
			SetupTypeCache (444ms)
			ReleaseScriptCaches (4ms)
			RebuildScriptCaches (109ms)
			SetupLoadedEditorAssemblies (2845ms)
				LogAssemblyErrors (0ms)
				InitializePlatformSupportModulesInManaged (22ms)
				SetLoadedEditorAssemblies (1ms)
				RefreshPlugins (4ms)
				BeforeProcessingInitializeOnLoad (175ms)
				ProcessInitializeOnLoadAttributes (2232ms)
				ProcessInitializeOnLoadMethodAttributes (389ms)
				AfterProcessingInitializeOnLoad (22ms)
				EditorAssembliesLoaded (0ms)
			ExecutionOrderSort2 (0ms)
			AwakeInstancesAfterBackupRestoration (20ms)
Platform modules already initialized, skipping
Shader 'MoreMountains/MMRipple': fallback shader 'Particle/AlphaBlended' not found
Refreshing native plugins compatible for Editor in 10.10 ms, found 6 plugins.
Preloading 0 native plugins for Editor in 0.00 ms.
Unloading 6830 Unused Serialized files (Serialized files now loaded: 0)
Unloading 71 unused Assets / (2.2 MB). Loaded Objects now: 7648.
Memory consumption went from 444.3 MB to 442.0 MB.
Total: 36.238700 ms (FindLiveObjects: 0.648400 ms CreateObjectMapping: 0.247900 ms MarkObjects: 34.365700 ms  DeleteObjects: 0.975400 ms)

AssetImportParameters requested are different than current active one (requested -> active):
  custom:video-decoder-ogg-theora: a1e56fd34408186e4bbccfd4996cb3dc -> 
  custom:container-muxer-webm: aa71ff27fc2769a1b78a27578f13a17b -> 
  custom:container-demuxer-webm: 4f35f7cbe854078d1ac9338744f61a02 -> 
  custom:video-encoder-webm-vp8: eb34c28f22e8b96e1ab97ce403110664 -> 
  custom:audio-encoder-webm-vorbis: bf7c407c2cedff20999df2af8eb42d56 -> 
  custom:framework-win-MediaFoundation: 216162199b28c13a410421893ffa2e32 -> 
  custom:container-demuxer-ogg: 62fdf1f143b41e24485cea50d1cbac27 -> 
  custom:video-decoder-webm-vp8: 9c59270c3fd7afecdb556c50c9e8de78 -> 
  custom:audio-decoder-ogg-vorbis: bf7c407c2cedff20999df2af8eb42d56 -> 
