
=== Sat Jul  3 17:00:21 2021

Packages were changed.
Update Mode: mergeDefaultDependencies

The following packages were added:
  com.unity.collab-proxy@1.3.9
  com.unity.ide.rider@3.0.5
  com.unity.ide.visualstudio@2.0.7
  com.unity.ide.vscode@1.2.3
  com.unity.modules.ai@1.0.0
  com.unity.modules.androidjni@1.0.0
  com.unity.modules.animation@1.0.0
  com.unity.modules.assetbundle@1.0.0
  com.unity.modules.audio@1.0.0
  com.unity.modules.cloth@1.0.0
  com.unity.modules.director@1.0.0
  com.unity.modules.imageconversion@1.0.0
  com.unity.modules.imgui@1.0.0
  com.unity.modules.jsonserialize@1.0.0
  com.unity.modules.particlesystem@1.0.0
  com.unity.modules.physics@1.0.0
  com.unity.modules.physics2d@1.0.0
  com.unity.modules.screencapture@1.0.0
  com.unity.modules.terrain@1.0.0
  com.unity.modules.terrainphysics@1.0.0
  com.unity.modules.tilemap@1.0.0
  com.unity.modules.ui@1.0.0
  com.unity.modules.uielements@1.0.0
  com.unity.modules.umbra@1.0.0
  com.unity.modules.unityanalytics@1.0.0
  com.unity.modules.unitywebrequest@1.0.0
  com.unity.modules.unitywebrequestassetbundle@1.0.0
  com.unity.modules.unitywebrequestaudio@1.0.0
  com.unity.modules.unitywebrequesttexture@1.0.0
  com.unity.modules.unitywebrequestwww@1.0.0
  com.unity.modules.vehicles@1.0.0
  com.unity.modules.video@1.0.0
  com.unity.modules.vr@1.0.0
  com.unity.modules.wind@1.0.0
  com.unity.modules.xr@1.0.0
  com.unity.test-framework@1.1.24
  com.unity.textmeshpro@3.0.4
  com.unity.timeline@1.5.4
  com.unity.ugui@1.0.0
  com.unity.visualscripting@1.5.2
The following packages were updated:
  com.unity.2d.animation from version 5.0.1 to 6.0.1
  com.unity.2d.pixel-perfect from version 4.0.1 to 5.0.0
  com.unity.2d.psdimporter from version 4.0.1 to 5.0.1
  com.unity.2d.spriteshape from version 5.0.1 to 6.0.0

=== Thu Nov  4 13:54:13 2021

Packages were changed.
Update Mode: updateDependencies

The following packages were updated:
  com.unity.2d.animation from version 6.0.1 to 7.0.0
  com.unity.2d.pixel-perfect from version 5.0.0 to 5.0.1
  com.unity.2d.psdimporter from version 5.0.1 to 6.0.0
  com.unity.2d.spriteshape from version 6.0.0 to 7.0.0
  com.unity.cinemachine from version 2.7.9 to 2.8.0
  com.unity.collab-proxy from version 1.3.9 to 1.13.5
  com.unity.ide.rider from version 3.0.5 to 3.0.7
  com.unity.ide.visualstudio from version 2.0.7 to 2.0.11
  com.unity.ide.vscode from version 1.2.3 to 1.2.4
  com.unity.render-pipelines.universal from version 11.0.0 to 12.1.0
  com.unity.test-framework from version 1.1.24 to 1.1.29
  com.unity.timeline from version 1.5.4 to 1.6.2
  com.unity.visualscripting from version 1.5.2 to 1.7.2

=== Sat Apr 16 16:25:09 2022

Packages were changed.
Update Mode: updateDependencies

The following packages were updated:
  com.unity.2d.animation from version 7.0.0 to 7.0.4
  com.unity.2d.psdimporter from version 6.0.0 to 6.0.3
  com.unity.2d.spriteshape from version 7.0.0 to 7.0.4
  com.unity.cinemachine from version 2.8.2 to 2.8.4
  com.unity.collab-proxy from version 1.13.5 to 1.15.15
  com.unity.ide.rider from version 3.0.7 to 3.0.13
  com.unity.ide.visualstudio from version 2.0.11 to 2.0.14
  com.unity.ide.vscode from version 1.2.4 to 1.2.5
  com.unity.postprocessing from version 3.1.1 to 3.2.1
  com.unity.render-pipelines.universal from version 12.1.0 to 12.1.6
  com.unity.test-framework from version 1.1.29 to 1.1.31
  com.unity.timeline from version 1.6.2 to 1.6.4
  com.unity.visualscripting from version 1.7.2 to 1.7.6

=== Sun Jul 24 18:55:15 2022

Packages were changed.
Update Mode: updateDependencies

The following packages were updated:
  com.unity.2d.animation from version 7.0.4 to 7.0.6
  com.unity.2d.psdimporter from version 6.0.3 to 6.0.4
  com.unity.cinemachine from version 2.8.4 to 2.8.6
  com.unity.collab-proxy from version 1.15.15 to 1.15.18
  com.unity.ide.rider from version 3.0.13 to 3.0.14
  com.unity.ide.visualstudio from version 2.0.14 to 2.0.15
  com.unity.postprocessing from version 3.2.1 to 3.2.2
  com.unity.render-pipelines.universal from version 12.1.6 to 12.1.7
  com.unity.visualscripting from version 1.7.6 to 1.7.8

=== Fri Apr  5 19:35:41 2024

Packages were changed.
Update Mode: updateDependencies

The following packages were updated:
  com.unity.2d.spriteshape from version 7.0.4 to 7.0.5
  com.unity.collab-proxy from version 1.15.18 to 1.17.1
  com.unity.ide.rider from version 3.0.14 to 3.0.15
  com.unity.ide.visualstudio from version 2.0.15 to 2.0.16

=== Sun Apr 21 19:46:36 2024

Packages were changed.
Update Mode: updateDependencies

The following packages were added:
  com.unity.ai.navigation@1.1.5
The following packages were updated:
  com.unity.2d.animation from version 7.0.6 to 9.1.0
  com.unity.2d.pixel-perfect from version 5.0.1 to 5.0.3
  com.unity.2d.psdimporter from version 6.0.4 to 8.0.4
  com.unity.2d.spriteshape from version 7.0.5 to 9.0.2
  com.unity.cinemachine from version 2.8.6 to 2.9.5
  com.unity.collab-proxy from version 1.17.1 to 2.3.1
  com.unity.ide.rider from version 3.0.15 to 3.0.28
  com.unity.ide.visualstudio from version 2.0.16 to 2.0.22
  com.unity.postprocessing from version 3.2.2 to 3.4.0
  com.unity.recorder from version 3.0.3 to 4.0.2
  com.unity.render-pipelines.universal from version 12.1.7 to 14.0.11
  com.unity.test-framework from version 1.1.31 to 1.1.33
  com.unity.timeline from version 1.6.4 to 1.7.6
  com.unity.visualscripting from version 1.7.8 to 1.9.2
