Using pre-set license
Built from '2021.1/staging' branch; Version is '2021.1.3f1 (4bef613afd59) revision 4976481'; Using compiler version '192528614'; Build Type 'Release'
OS: 'Windows 10 Home; OS build 19042.1083; Version 2009; 64bit' Language: 'en' Physical Memory: 16333 MB
BatchMode: 1, IsHumanControllingUs: 0, StartBugReporterOnCrash: 0, Is64bit: 1, IsPro: 0

 COMMAND LINE ARGUMENTS:
C:\Program Files\Unity\Hub\Editor\2021.1.3f1\Editor\Unity.exe
-adb2
-batchMode
-noUpm
-name
AssetImportWorker0
-projectPath
D:/Unity/Projects/Udemy/Glitch Garden
-logFile
Logs/AssetImportWorker0.log
-srvPort
60592
Successfully changed project path to: D:/Unity/Projects/Udemy/Glitch Garden
D:/Unity/Projects/Udemy/Glitch Garden
Using Asset Import Pipeline V2.
Refreshing native plugins compatible for Editor in 117.09 ms, found 2 plugins.
Preloading 0 native plugins for Editor in 0.00 ms.
Initialize engine version: 2021.1.3f1 (4bef613afd59)
[Subsystems] Discovering subsystems at path C:/Program Files/Unity/Hub/Editor/2021.1.3f1/Editor/Data/Resources/UnitySubsystems
[Subsystems] Discovering subsystems at path D:/Unity/Projects/Udemy/Glitch Garden/Assets
GfxDevice: creating device client; threaded=0; jobified=0
Direct3D:
    Version:  Direct3D 11.0 [level 11.1]
    Renderer: NVIDIA GeForce GTX 1660 (ID=0x2184)
    Vendor:   NVIDIA
    VRAM:     5991 MB
    Driver:   27.21.14.6677
Initialize mono
Mono path[0] = 'C:/Program Files/Unity/Hub/Editor/2021.1.3f1/Editor/Data/Managed'
Mono path[1] = 'C:/Program Files/Unity/Hub/Editor/2021.1.3f1/Editor/Data/MonoBleedingEdge/lib/mono/unityjit'
Mono config path = 'C:/Program Files/Unity/Hub/Editor/2021.1.3f1/Editor/Data/MonoBleedingEdge/etc'
Using monoOptions --debugger-agent=transport=dt_socket,embedding=1,server=y,suspend=n,address=127.0.0.1:56284
Begin MonoManager ReloadAssembly
Registering precompiled unity dll's ...
Register platform support module: C:/Program Files/Unity/Hub/Editor/2021.1.3f1/Editor/Data/PlaybackEngines/WebGLSupport/UnityEditor.WebGL.Extensions.dll
Register platform support module: C:/Program Files/Unity/Hub/Editor/2021.1.3f1/Editor/Data/PlaybackEngines/WindowsStandaloneSupport/UnityEditor.WindowsStandalone.Extensions.dll
Registered in 0.002844 seconds.
Native extension for WindowsStandalone target not found
Native extension for WebGL target not found
Refreshing native plugins compatible for Editor in 116.61 ms, found 2 plugins.
Preloading 0 native plugins for Editor in 0.00 ms.
Mono: successfully reloaded assembly
- Completed reload, in  1.829 seconds
Platform modules already initialized, skipping
Registering precompiled user dll's ...
Registered in 0.002632 seconds.
Begin MonoManager ReloadAssembly
Native extension for WindowsStandalone target not found
Native extension for WebGL target not found
Refreshing native plugins compatible for Editor in 109.20 ms, found 2 plugins.
Preloading 0 native plugins for Editor in 0.00 ms.
Mono: successfully reloaded assembly
- Completed reload, in  1.339 seconds
Platform modules already initialized, skipping
========================================================================
Worker process is ready to serve import requests
Launched and connected shader compiler UnityShaderCompiler.exe after 0.06 seconds
Refreshing native plugins compatible for Editor in 0.63 ms, found 2 plugins.
Preloading 0 native plugins for Editor in 0.00 ms.
Unloading 3410 Unused Serialized files (Serialized files now loaded: 0)
System memory in use before: 131.3 MB.
System memory in use after: 131.4 MB.

Unloading 28 unused Assets to reduce memory usage. Loaded Objects now: 3868.
Total: 2.717600 ms (FindLiveObjects: 0.400800 ms CreateObjectMapping: 0.102500 ms MarkObjects: 2.099800 ms  DeleteObjects: 0.113300 ms)

========================================================================
Received Import Request.
  path: Assets/Scripts/PlayerPrefsController.cs
  artifactKey: Guid(b9c270a071a55ac479f3352e12ba44c2) Importer(815301076,1909f56bfc062723c751e8b465ee728b)
Start importing Assets/Scripts/PlayerPrefsController.cs using Guid(b9c270a071a55ac479f3352e12ba44c2) Importer(815301076,1909f56bfc062723c751e8b465ee728b)  -> (artifact id: 'c35aba839d3c3b4d83db292832f8058d') in 0.031232 seconds 
========================================================================
Received Prepare
Refreshing native plugins compatible for Editor in 2.61 ms, found 2 plugins.
Preloading 0 native plugins for Editor in 0.00 ms.
Unloading 15 Unused Serialized files (Serialized files now loaded: 0)
System memory in use before: 62.9 MB.
System memory in use after: 63.0 MB.

Unloading 15 unused Assets to reduce memory usage. Loaded Objects now: 3868.
Total: 2.336400 ms (FindLiveObjects: 0.268100 ms CreateObjectMapping: 0.087700 ms MarkObjects: 1.882900 ms  DeleteObjects: 0.097100 ms)

========================================================================
Received Import Request.
  Time since last request: 1324.144631 seconds.
  path: Assets/Prefabs/Defenders/Cactus.prefab
  artifactKey: Guid(1dc7a50b914aff84e869ae0efef9abec) Importer(815301076,1909f56bfc062723c751e8b465ee728b)
Start importing Assets/Prefabs/Defenders/Cactus.prefab using Guid(1dc7a50b914aff84e869ae0efef9abec) Importer(815301076,1909f56bfc062723c751e8b465ee728b)  -> (artifact id: '0c68d1362267b9549528d38d6316e96b') in 0.127415 seconds 
========================================================================
Received Import Request.
  Time since last request: 1.388097 seconds.
  path: Assets/Prefabs/Defenders/Trophy.prefab
  artifactKey: Guid(293d5a4aa1230b1428f0c0233fa49d45) Importer(815301076,1909f56bfc062723c751e8b465ee728b)
Start importing Assets/Prefabs/Defenders/Trophy.prefab using Guid(293d5a4aa1230b1428f0c0233fa49d45) Importer(815301076,1909f56bfc062723c751e8b465ee728b)  -> (artifact id: 'e8bc2f76828fa9a2444cf921433438f6') in 0.016578 seconds 
========================================================================
Received Import Request.
  Time since last request: 7.645050 seconds.
  path: Assets/Prefabs/Defenders/Trophy.prefab
  artifactKey: Guid(293d5a4aa1230b1428f0c0233fa49d45) Importer(815301076,1909f56bfc062723c751e8b465ee728b)
Start importing Assets/Prefabs/Defenders/Trophy.prefab using Guid(293d5a4aa1230b1428f0c0233fa49d45) Importer(815301076,1909f56bfc062723c751e8b465ee728b)  -> (artifact id: '33b449f4ab981e096d4d26d2e7a50e5e') in 0.016542 seconds 
========================================================================
Received Import Request.
  Time since last request: 17.257515 seconds.
  path: Assets/Prefabs/Defenders/Double Trophy.prefab
  artifactKey: Guid(81ca4735027e71a41a1eab7102a751f7) Importer(815301076,1909f56bfc062723c751e8b465ee728b)
Start importing Assets/Prefabs/Defenders/Double Trophy.prefab using Guid(81ca4735027e71a41a1eab7102a751f7) Importer(815301076,1909f56bfc062723c751e8b465ee728b)  -> (artifact id: '2bc0e5b8901e8512c6d81f69a734dca1') in 0.022040 seconds 
========================================================================
Received Import Request.
  Time since last request: 31.706568 seconds.
  path: Assets/Prefabs/Core Game/Level Controller.prefab
  artifactKey: Guid(9cad9024b036cd14bbf4d31875eaa9b8) Importer(815301076,1909f56bfc062723c751e8b465ee728b)
Start importing Assets/Prefabs/Core Game/Level Controller.prefab using Guid(9cad9024b036cd14bbf4d31875eaa9b8) Importer(815301076,1909f56bfc062723c751e8b465ee728b)  -> (artifact id: '73eba1569a3ec4c4012b05f84df1ef74') in 0.008965 seconds 
========================================================================
Received Import Request.
  Time since last request: 0.498241 seconds.
  path: Assets/Prefabs/Core Game/Level Complete Canvas.prefab
  artifactKey: Guid(e66021d964022c14fb3c657b81731e5a) Importer(815301076,1909f56bfc062723c751e8b465ee728b)
Start importing Assets/Prefabs/Core Game/Level Complete Canvas.prefab using Guid(e66021d964022c14fb3c657b81731e5a) Importer(815301076,1909f56bfc062723c751e8b465ee728b)  -> (artifact id: '1efa31a0a21b69352db28f9ae770d238') in 0.052129 seconds 
========================================================================
Received Import Request.
  Time since last request: 40.032153 seconds.
  path: Assets/_Scenes/Level 1.unity
  artifactKey: Guid(35859250ddaefc648b31e63e0ce86d8d) Importer(815301076,1909f56bfc062723c751e8b465ee728b)
Start importing Assets/_Scenes/Level 1.unity using Guid(35859250ddaefc648b31e63e0ce86d8d) Importer(815301076,1909f56bfc062723c751e8b465ee728b)  -> (artifact id: '461868d0d408908aa1f1cb2ea3cb0a20') in 0.010646 seconds 
========================================================================
Received Import Request.
  Time since last request: 1.432261 seconds.
  path: Assets/_Scenes/Level 1.unity
  artifactKey: Guid(35859250ddaefc648b31e63e0ce86d8d) Importer(815301076,1909f56bfc062723c751e8b465ee728b)
Start importing Assets/_Scenes/Level 1.unity using Guid(35859250ddaefc648b31e63e0ce86d8d) Importer(815301076,1909f56bfc062723c751e8b465ee728b)  -> (artifact id: '5dd9d5bfdf777ea2895869c1a38c998e') in 0.002022 seconds 
========================================================================
Received Import Request.
  Time since last request: 19.239907 seconds.
  path: Assets/_Scenes/Level 3.unity
  artifactKey: Guid(a037f45e18833bc4783c8a611678ff55) Importer(815301076,1909f56bfc062723c751e8b465ee728b)
Start importing Assets/_Scenes/Level 3.unity using Guid(a037f45e18833bc4783c8a611678ff55) Importer(815301076,1909f56bfc062723c751e8b465ee728b)  -> (artifact id: '5bf9852b5235bb812fc955cc8c08617b') in 0.006900 seconds 
========================================================================
Received Import Request.
  Time since last request: 8.174909 seconds.
  path: Assets/_Scenes/Level 4.unity
  artifactKey: Guid(d325b3775196bd5459896e133e403de4) Importer(815301076,1909f56bfc062723c751e8b465ee728b)
Start importing Assets/_Scenes/Level 4.unity using Guid(d325b3775196bd5459896e133e403de4) Importer(815301076,1909f56bfc062723c751e8b465ee728b)  -> (artifact id: '2843e07c9c62b2dc214ee876a47e571b') in 0.007107 seconds 
========================================================================
Received Import Request.
  Time since last request: 9.694693 seconds.
  path: Assets/_Scenes/Level 7.unity
  artifactKey: Guid(95075ed0959856a4e903e2697d2242bb) Importer(815301076,1909f56bfc062723c751e8b465ee728b)
Start importing Assets/_Scenes/Level 7.unity using Guid(95075ed0959856a4e903e2697d2242bb) Importer(815301076,1909f56bfc062723c751e8b465ee728b)  -> (artifact id: '7ad9adfef3bd11dd39594fc8a7fbcead') in 0.008139 seconds 
========================================================================
Received Import Request.
  Time since last request: 118.631454 seconds.
  path: Assets/_Scenes/Level 4.unity
  artifactKey: Guid(d325b3775196bd5459896e133e403de4) Importer(815301076,1909f56bfc062723c751e8b465ee728b)
Start importing Assets/_Scenes/Level 4.unity using Guid(d325b3775196bd5459896e133e403de4) Importer(815301076,1909f56bfc062723c751e8b465ee728b)  -> (artifact id: 'd9b9e5152d0e9fce25b607adba920e5d') in 0.001845 seconds 
========================================================================
Received Import Request.
  Time since last request: 21.141150 seconds.
  path: Assets/_Scenes/Level 6.unity
  artifactKey: Guid(6d43ab3da928bae48843d09418987d6a) Importer(815301076,1909f56bfc062723c751e8b465ee728b)
Start importing Assets/_Scenes/Level 6.unity using Guid(6d43ab3da928bae48843d09418987d6a) Importer(815301076,1909f56bfc062723c751e8b465ee728b)  -> (artifact id: '99ffca15a85738be6433e9cd8d98f2b2') in 0.007798 seconds 
========================================================================
Received Import Request.
  Time since last request: 93.885907 seconds.
  path: Assets/_Scenes/Level 8.unity
  artifactKey: Guid(71320d60984318b4da5c29fd758ba00f) Importer(815301076,1909f56bfc062723c751e8b465ee728b)
Start importing Assets/_Scenes/Level 8.unity using Guid(71320d60984318b4da5c29fd758ba00f) Importer(815301076,1909f56bfc062723c751e8b465ee728b)  -> (artifact id: '63fce5ef090acf6e8dcdbc395507ddd7') in 0.006925 seconds 
========================================================================
Received Import Request.
  Time since last request: 11.541336 seconds.
  path: Assets/_Scenes/Level 9.unity
  artifactKey: Guid(9f62c2e5718891c41b6976fe800caa9d) Importer(815301076,1909f56bfc062723c751e8b465ee728b)
Start importing Assets/_Scenes/Level 9.unity using Guid(9f62c2e5718891c41b6976fe800caa9d) Importer(815301076,1909f56bfc062723c751e8b465ee728b)  -> (artifact id: '6e142663aafe0a30006a6b723010ea93') in 0.008059 seconds 
========================================================================
Received Import Request.
  Time since last request: 17.058133 seconds.
  path: Assets/_Scenes/Level 9.unity
  artifactKey: Guid(9f62c2e5718891c41b6976fe800caa9d) Importer(815301076,1909f56bfc062723c751e8b465ee728b)
Start importing Assets/_Scenes/Level 9.unity using Guid(9f62c2e5718891c41b6976fe800caa9d) Importer(815301076,1909f56bfc062723c751e8b465ee728b)  -> (artifact id: '434a7bda222f70a74bbaa247d5c38f42') in 0.001850 seconds 
========================================================================
Received Import Request.
  Time since last request: 14.820747 seconds.
  path: Assets/_Scenes/Level 11.unity
  artifactKey: Guid(f8cc452e1fd4d9c44b276ba47e12e52c) Importer(815301076,1909f56bfc062723c751e8b465ee728b)
Start importing Assets/_Scenes/Level 11.unity using Guid(f8cc452e1fd4d9c44b276ba47e12e52c) Importer(815301076,1909f56bfc062723c751e8b465ee728b)  -> (artifact id: '0cd1340936e64b715bcdc635be04cb5f') in 0.007562 seconds 
========================================================================
Received Import Request.
  Time since last request: 28.231141 seconds.
  path: Assets/_Scenes/Level 12.unity
  artifactKey: Guid(9181d6e8e4e9f7e4eacd812a8f63b50f) Importer(815301076,1909f56bfc062723c751e8b465ee728b)
Start importing Assets/_Scenes/Level 12.unity using Guid(9181d6e8e4e9f7e4eacd812a8f63b50f) Importer(815301076,1909f56bfc062723c751e8b465ee728b)  -> (artifact id: '3939a0b9347b2983ac4df56a2c804f64') in 0.007463 seconds 
========================================================================
Received Import Request.
  Time since last request: 89.686186 seconds.
  path: Assets/_Scenes/Level 6.unity
  artifactKey: Guid(6d43ab3da928bae48843d09418987d6a) Importer(815301076,1909f56bfc062723c751e8b465ee728b)
Start importing Assets/_Scenes/Level 6.unity using Guid(6d43ab3da928bae48843d09418987d6a) Importer(815301076,1909f56bfc062723c751e8b465ee728b)  -> (artifact id: 'ebed947983ff74772c931c66b25a96d2') in 0.001879 seconds 
========================================================================
Received Import Request.
  Time since last request: 13.520425 seconds.
  path: Assets/_Scenes/Level 13.unity
  artifactKey: Guid(e7f2e0c41fe304f4c916e16f2cbb079b) Importer(815301076,1909f56bfc062723c751e8b465ee728b)
Start importing Assets/_Scenes/Level 13.unity using Guid(e7f2e0c41fe304f4c916e16f2cbb079b) Importer(815301076,1909f56bfc062723c751e8b465ee728b)  -> (artifact id: 'e88959fd362a1fcca1e2f1410302ec89') in 0.007559 seconds 
========================================================================
Received Import Request.
  Time since last request: 1.960209 seconds.
  path: Assets/_Scenes/Level 12.unity
  artifactKey: Guid(9181d6e8e4e9f7e4eacd812a8f63b50f) Importer(815301076,1909f56bfc062723c751e8b465ee728b)
Start importing Assets/_Scenes/Level 12.unity using Guid(9181d6e8e4e9f7e4eacd812a8f63b50f) Importer(815301076,1909f56bfc062723c751e8b465ee728b)  -> (artifact id: 'd7ade72ebfec9730f454ef4971182092') in 0.002016 seconds 
========================================================================
Received Import Request.
  Time since last request: 7.760153 seconds.
  path: Assets/_Scenes/Level 14.unity
  artifactKey: Guid(4853605e6b8807b4d9cc208cc9630808) Importer(815301076,1909f56bfc062723c751e8b465ee728b)
Start importing Assets/_Scenes/Level 14.unity using Guid(4853605e6b8807b4d9cc208cc9630808) Importer(815301076,1909f56bfc062723c751e8b465ee728b)  -> (artifact id: '0539cb03015de04e2b45cda1a873e9ad') in 0.006732 seconds 
========================================================================
Received Import Request.
  Time since last request: 21.860465 seconds.
  path: Assets/_Scenes/Level 15.unity
  artifactKey: Guid(545db051b91515b408e4bbd7374679bd) Importer(815301076,1909f56bfc062723c751e8b465ee728b)
Start importing Assets/_Scenes/Level 15.unity using Guid(545db051b91515b408e4bbd7374679bd) Importer(815301076,1909f56bfc062723c751e8b465ee728b)  -> (artifact id: 'cb0b5a30ed4041647b405b39a6f06060') in 0.001892 seconds 
========================================================================
Received Prepare
Refreshing native plugins compatible for Editor in 2.49 ms, found 2 plugins.
Preloading 0 native plugins for Editor in 0.00 ms.
Unloading 15 Unused Serialized files (Serialized files now loaded: 0)
System memory in use before: 69.3 MB.
System memory in use after: 69.5 MB.

Unloading 15 unused Assets to reduce memory usage. Loaded Objects now: 3875.
Total: 3.439000 ms (FindLiveObjects: 0.275100 ms CreateObjectMapping: 0.096000 ms MarkObjects: 2.950800 ms  DeleteObjects: 0.115900 ms)

AssetImportWorkerClient::OnTransportError - code=2 error=End of file
