Using pre-set license
Built from '2021.1/staging' branch; Version is '2021.1.3f1 (4bef613afd59) revision 4976481'; Using compiler version '192528614'; Build Type 'Release'
OS: 'Windows 10 Home; OS build 19042.1083; Version 2009; 64bit' Language: 'en' Physical Memory: 16333 MB
BatchMode: 1, IsHumanControllingUs: 0, StartBugReporterOnCrash: 0, Is64bit: 1, IsPro: 0

 COMMAND LINE ARGUMENTS:
C:\Program Files\Unity\Hub\Editor\2021.1.3f1\Editor\Unity.exe
-adb2
-batchMode
-noUpm
-name
AssetImportWorker0
-projectPath
D:/Unity/Projects/Udemy/Glitch Garden
-logFile
Logs/AssetImportWorker0.log
-srvPort
56756
Successfully changed project path to: D:/Unity/Projects/Udemy/Glitch Garden
D:/Unity/Projects/Udemy/Glitch Garden
Using Asset Import Pipeline V2.
Refreshing native plugins compatible for Editor in 117.23 ms, found 2 plugins.
Preloading 0 native plugins for Editor in 0.00 ms.
Initialize engine version: 2021.1.3f1 (4bef613afd59)
[Subsystems] Discovering subsystems at path C:/Program Files/Unity/Hub/Editor/2021.1.3f1/Editor/Data/Resources/UnitySubsystems
[Subsystems] Discovering subsystems at path D:/Unity/Projects/Udemy/Glitch Garden/Assets
GfxDevice: creating device client; threaded=0; jobified=0
Direct3D:
    Version:  Direct3D 11.0 [level 11.1]
    Renderer: NVIDIA GeForce GTX 1660 (ID=0x2184)
    Vendor:   NVIDIA
    VRAM:     5991 MB
    Driver:   27.21.14.6677
Initialize mono
Mono path[0] = 'C:/Program Files/Unity/Hub/Editor/2021.1.3f1/Editor/Data/Managed'
Mono path[1] = 'C:/Program Files/Unity/Hub/Editor/2021.1.3f1/Editor/Data/MonoBleedingEdge/lib/mono/unityjit'
Mono config path = 'C:/Program Files/Unity/Hub/Editor/2021.1.3f1/Editor/Data/MonoBleedingEdge/etc'
Using monoOptions --debugger-agent=transport=dt_socket,embedding=1,server=y,suspend=n,address=127.0.0.1:56636
Begin MonoManager ReloadAssembly
Registering precompiled unity dll's ...
Register platform support module: C:/Program Files/Unity/Hub/Editor/2021.1.3f1/Editor/Data/PlaybackEngines/WebGLSupport/UnityEditor.WebGL.Extensions.dll
Register platform support module: C:/Program Files/Unity/Hub/Editor/2021.1.3f1/Editor/Data/PlaybackEngines/WindowsStandaloneSupport/UnityEditor.WindowsStandalone.Extensions.dll
Registered in 0.003262 seconds.
Native extension for WindowsStandalone target not found
Native extension for WebGL target not found
Refreshing native plugins compatible for Editor in 118.09 ms, found 2 plugins.
Preloading 0 native plugins for Editor in 0.00 ms.
Mono: successfully reloaded assembly
- Completed reload, in  1.931 seconds
Platform modules already initialized, skipping
Registering precompiled user dll's ...
Registered in 0.002761 seconds.
Begin MonoManager ReloadAssembly
Native extension for WindowsStandalone target not found
Native extension for WebGL target not found
Refreshing native plugins compatible for Editor in 110.64 ms, found 2 plugins.
Preloading 0 native plugins for Editor in 0.00 ms.
Mono: successfully reloaded assembly
- Completed reload, in  1.357 seconds
Platform modules already initialized, skipping
========================================================================
Worker process is ready to serve import requests
Launched and connected shader compiler UnityShaderCompiler.exe after 0.06 seconds
Refreshing native plugins compatible for Editor in 0.65 ms, found 2 plugins.
Preloading 0 native plugins for Editor in 0.00 ms.
Unloading 3409 Unused Serialized files (Serialized files now loaded: 0)
System memory in use before: 131.2 MB.
System memory in use after: 131.3 MB.

Unloading 28 unused Assets to reduce memory usage. Loaded Objects now: 3867.
Total: 2.619100 ms (FindLiveObjects: 0.312500 ms CreateObjectMapping: 0.097200 ms MarkObjects: 2.091500 ms  DeleteObjects: 0.116800 ms)

========================================================================
Received Import Request.
  path: Assets/Scripts/DefenderButton.cs
  artifactKey: Guid(73d7de71a4282904295743a8885cf96d) Importer(815301076,1909f56bfc062723c751e8b465ee728b)
Start importing Assets/Scripts/DefenderButton.cs using Guid(73d7de71a4282904295743a8885cf96d) Importer(815301076,1909f56bfc062723c751e8b465ee728b)  -> (artifact id: '60cae141b5e4dc13bd341e84183a7aac') in 0.033811 seconds 
========================================================================
Received Prepare
Registering precompiled user dll's ...
Registered in 0.003137 seconds.
Begin MonoManager ReloadAssembly
Native extension for WindowsStandalone target not found
Native extension for WebGL target not found
Refreshing native plugins compatible for Editor in 0.68 ms, found 2 plugins.
Preloading 0 native plugins for Editor in 0.00 ms.
Mono: successfully reloaded assembly
- Completed reload, in  1.154 seconds
Platform modules already initialized, skipping
Refreshing native plugins compatible for Editor in 0.65 ms, found 2 plugins.
Preloading 0 native plugins for Editor in 0.00 ms.
Unloading 3391 Unused Serialized files (Serialized files now loaded: 0)
System memory in use before: 130.0 MB.
System memory in use after: 130.1 MB.

Unloading 17 unused Assets to reduce memory usage. Loaded Objects now: 3871.
Total: 2.987200 ms (FindLiveObjects: 0.408500 ms CreateObjectMapping: 0.129900 ms MarkObjects: 2.324600 ms  DeleteObjects: 0.122900 ms)

========================================================================
Received Prepare
Registering precompiled user dll's ...
Registered in 0.002685 seconds.
Begin MonoManager ReloadAssembly
Native extension for WindowsStandalone target not found
Native extension for WebGL target not found
Refreshing native plugins compatible for Editor in 0.97 ms, found 2 plugins.
Preloading 0 native plugins for Editor in 0.00 ms.
Mono: successfully reloaded assembly
- Completed reload, in  1.181 seconds
Platform modules already initialized, skipping
Refreshing native plugins compatible for Editor in 0.69 ms, found 2 plugins.
Preloading 0 native plugins for Editor in 0.00 ms.
Unloading 3391 Unused Serialized files (Serialized files now loaded: 0)
System memory in use before: 130.0 MB.
System memory in use after: 130.1 MB.

Unloading 17 unused Assets to reduce memory usage. Loaded Objects now: 3875.
Total: 3.246900 ms (FindLiveObjects: 0.351900 ms CreateObjectMapping: 0.108400 ms MarkObjects: 2.669800 ms  DeleteObjects: 0.115100 ms)

========================================================================
Received Import Request.
  Time since last request: 507.615736 seconds.
  path: Assets/_Scenes/Game Over.unity
  artifactKey: Guid(f75580ae523425f4d99003633ba6a8dd) Importer(815301076,1909f56bfc062723c751e8b465ee728b)
Start importing Assets/_Scenes/Game Over.unity using Guid(f75580ae523425f4d99003633ba6a8dd) Importer(815301076,1909f56bfc062723c751e8b465ee728b)  -> (artifact id: 'a1c5fdf8edb56fd72f0889f19a01bd66') in 0.021468 seconds 
========================================================================
Received Import Request.
  Time since last request: 0.332985 seconds.
  path: Assets/_Scenes/Level 1.unity
  artifactKey: Guid(b931bce04270b7641a9d4b19557b561e) Importer(815301076,1909f56bfc062723c751e8b465ee728b)
Start importing Assets/_Scenes/Level 1.unity using Guid(b931bce04270b7641a9d4b19557b561e) Importer(815301076,1909f56bfc062723c751e8b465ee728b)  -> (artifact id: '4c88ee7d670f9164b812045d74878774') in 0.006879 seconds 
========================================================================
Received Import Request.
  Time since last request: 10.568756 seconds.
  path: Assets/_Scenes/Blank Level.unity
  artifactKey: Guid(b931bce04270b7641a9d4b19557b561e) Importer(815301076,1909f56bfc062723c751e8b465ee728b)
Start importing Assets/_Scenes/Blank Level.unity using Guid(b931bce04270b7641a9d4b19557b561e) Importer(815301076,1909f56bfc062723c751e8b465ee728b)  -> (artifact id: 'd60682a3b3d1cb2b4165093a02d086dd') in 0.008595 seconds 
========================================================================
Received Import Request.
  Time since last request: 9.471322 seconds.
  path: Assets/_Scenes/Blank Level 1.unity
  artifactKey: Guid(32b0daff63d58aa40b2afc4c93a91222) Importer(815301076,1909f56bfc062723c751e8b465ee728b)
Start importing Assets/_Scenes/Blank Level 1.unity using Guid(32b0daff63d58aa40b2afc4c93a91222) Importer(815301076,1909f56bfc062723c751e8b465ee728b)  -> (artifact id: '43056820f920e9e8fe6daa53240070a0') in 0.007104 seconds 
========================================================================
Received Import Request.
  Time since last request: 4.831605 seconds.
  path: Assets/_Scenes/Level 1.unity
  artifactKey: Guid(32b0daff63d58aa40b2afc4c93a91222) Importer(815301076,1909f56bfc062723c751e8b465ee728b)
Start importing Assets/_Scenes/Level 1.unity using Guid(32b0daff63d58aa40b2afc4c93a91222) Importer(815301076,1909f56bfc062723c751e8b465ee728b)  -> (artifact id: 'b7593ee09eaf41f24a7e2d7f8448f73b') in 0.002613 seconds 
========================================================================
Received Import Request.
  Time since last request: 2.347921 seconds.
  path: Assets/_Scenes/Level 2.unity
  artifactKey: Guid(93fe4caad5e29694e88fd8b2b41dc301) Importer(815301076,1909f56bfc062723c751e8b465ee728b)
Start importing Assets/_Scenes/Level 2.unity using Guid(93fe4caad5e29694e88fd8b2b41dc301) Importer(815301076,1909f56bfc062723c751e8b465ee728b)  -> (artifact id: '1b37a6589c401a9507f9ec47fe05a1b8') in 0.006820 seconds 
========================================================================
Received Import Request.
  Time since last request: 0.760524 seconds.
  path: Assets/_Scenes/Level 3.unity
  artifactKey: Guid(00c8605c8fe96504bb03aa5bbe5477dc) Importer(815301076,1909f56bfc062723c751e8b465ee728b)
Start importing Assets/_Scenes/Level 3.unity using Guid(00c8605c8fe96504bb03aa5bbe5477dc) Importer(815301076,1909f56bfc062723c751e8b465ee728b)  -> (artifact id: 'a54836cda031d2ca1bcbd6ef0447c767') in 0.007774 seconds 
========================================================================
Received Import Request.
  Time since last request: 0.852646 seconds.
  path: Assets/_Scenes/Level 4.unity
  artifactKey: Guid(9a7e600bed3d9c9429542d93a742a401) Importer(815301076,1909f56bfc062723c751e8b465ee728b)
Start importing Assets/_Scenes/Level 4.unity using Guid(9a7e600bed3d9c9429542d93a742a401) Importer(815301076,1909f56bfc062723c751e8b465ee728b)  -> (artifact id: '25754e6f715b375196621b525d4c1cac') in 0.007084 seconds 
========================================================================
Received Import Request.
  Time since last request: 0.699120 seconds.
  path: Assets/_Scenes/Level 5.unity
  artifactKey: Guid(a7d13351151d7b742b16b790edb357ec) Importer(815301076,1909f56bfc062723c751e8b465ee728b)
Start importing Assets/_Scenes/Level 5.unity using Guid(a7d13351151d7b742b16b790edb357ec) Importer(815301076,1909f56bfc062723c751e8b465ee728b)  -> (artifact id: '46d4dbcdbb4b7414b7c9c33f2001df35') in 0.007037 seconds 
========================================================================
Received Import Request.
  Time since last request: 27.436145 seconds.
  path: Assets/_Scenes/Options Menu.unity
  artifactKey: Guid(1567462c3794b3b40a66ebff8509f8b1) Importer(815301076,1909f56bfc062723c751e8b465ee728b)
Start importing Assets/_Scenes/Options Menu.unity using Guid(1567462c3794b3b40a66ebff8509f8b1) Importer(815301076,1909f56bfc062723c751e8b465ee728b)  -> (artifact id: '1890cac3cf99b5afaf7c3fc79cd44981') in 0.008461 seconds 
========================================================================
Received Import Request.
  Time since last request: 34.159515 seconds.
  path: Assets/_Scenes/Level 1.unity
  artifactKey: Guid(32b0daff63d58aa40b2afc4c93a91222) Importer(815301076,1909f56bfc062723c751e8b465ee728b)
Start importing Assets/_Scenes/Level 1.unity using Guid(32b0daff63d58aa40b2afc4c93a91222) Importer(815301076,1909f56bfc062723c751e8b465ee728b)  -> (artifact id: '6c108714a6f4688b078678c28e3bf5de') in 0.002464 seconds 
========================================================================
Received Import Request.
  Time since last request: 9.923013 seconds.
  path: Assets/_Scenes/Blank Level.unity
  artifactKey: Guid(32b0daff63d58aa40b2afc4c93a91222) Importer(815301076,1909f56bfc062723c751e8b465ee728b)
Start importing Assets/_Scenes/Blank Level.unity using Guid(32b0daff63d58aa40b2afc4c93a91222) Importer(815301076,1909f56bfc062723c751e8b465ee728b)  -> (artifact id: 'e66f0ca306e8977d03c8532a9a01ff75') in 0.002302 seconds 
========================================================================
Received Import Request.
  Time since last request: 2.488540 seconds.
  path: Assets/_Scenes/Blank Level 1.unity
  artifactKey: Guid(35859250ddaefc648b31e63e0ce86d8d) Importer(815301076,1909f56bfc062723c751e8b465ee728b)
Start importing Assets/_Scenes/Blank Level 1.unity using Guid(35859250ddaefc648b31e63e0ce86d8d) Importer(815301076,1909f56bfc062723c751e8b465ee728b)  -> (artifact id: '12f3e4943c081d117f1801b926955e40') in 0.002706 seconds 
========================================================================
Received Import Request.
  Time since last request: 3.900666 seconds.
  path: Assets/_Scenes/Level 1.unity
  artifactKey: Guid(35859250ddaefc648b31e63e0ce86d8d) Importer(815301076,1909f56bfc062723c751e8b465ee728b)
Start importing Assets/_Scenes/Level 1.unity using Guid(35859250ddaefc648b31e63e0ce86d8d) Importer(815301076,1909f56bfc062723c751e8b465ee728b)  -> (artifact id: '0b55d7243280b6cf7b3e5653f1462efb') in 0.002434 seconds 
========================================================================
Received Import Request.
  Time since last request: 44.327059 seconds.
  path: Assets/_Scenes/Level 2.unity
  artifactKey: Guid(0c9772a9c0985964db35978b592a49d3) Importer(815301076,1909f56bfc062723c751e8b465ee728b)
Start importing Assets/_Scenes/Level 2.unity using Guid(0c9772a9c0985964db35978b592a49d3) Importer(815301076,1909f56bfc062723c751e8b465ee728b)  -> (artifact id: 'c7fe34b6ea1a75535e5f85ae7f0bef7f') in 0.002326 seconds 
========================================================================
Received Import Request.
  Time since last request: 0.404481 seconds.
  path: Assets/_Scenes/Level 3.unity
  artifactKey: Guid(a037f45e18833bc4783c8a611678ff55) Importer(815301076,1909f56bfc062723c751e8b465ee728b)
Start importing Assets/_Scenes/Level 3.unity using Guid(a037f45e18833bc4783c8a611678ff55) Importer(815301076,1909f56bfc062723c751e8b465ee728b)  -> (artifact id: 'ce98322f6579f3af8c45e021d7561564') in 0.002262 seconds 
========================================================================
Received Import Request.
  Time since last request: 0.349374 seconds.
  path: Assets/_Scenes/Level 4.unity
  artifactKey: Guid(d325b3775196bd5459896e133e403de4) Importer(815301076,1909f56bfc062723c751e8b465ee728b)
Start importing Assets/_Scenes/Level 4.unity using Guid(d325b3775196bd5459896e133e403de4) Importer(815301076,1909f56bfc062723c751e8b465ee728b)  -> (artifact id: '12c6f7d804f27135d76818652dcafab5') in 0.002581 seconds 
========================================================================
Received Import Request.
  Time since last request: 0.356117 seconds.
  path: Assets/_Scenes/Level 5.unity
  artifactKey: Guid(02a2300f76e4ef640b4be3ea8460940e) Importer(815301076,1909f56bfc062723c751e8b465ee728b)
Start importing Assets/_Scenes/Level 5.unity using Guid(02a2300f76e4ef640b4be3ea8460940e) Importer(815301076,1909f56bfc062723c751e8b465ee728b)  -> (artifact id: '6fd11b357d9a25728f4c6a057f10b7ea') in 0.002521 seconds 
========================================================================
Received Import Request.
  Time since last request: 0.283668 seconds.
  path: Assets/_Scenes/Level 6.unity
  artifactKey: Guid(6d43ab3da928bae48843d09418987d6a) Importer(815301076,1909f56bfc062723c751e8b465ee728b)
Start importing Assets/_Scenes/Level 6.unity using Guid(6d43ab3da928bae48843d09418987d6a) Importer(815301076,1909f56bfc062723c751e8b465ee728b)  -> (artifact id: '522da953d9b91c7a46032698875a10e4') in 0.006752 seconds 
========================================================================
Received Import Request.
  Time since last request: 0.321699 seconds.
  path: Assets/_Scenes/Level 7.unity
  artifactKey: Guid(aed831b22e71f1146b931ac7f95f1642) Importer(815301076,1909f56bfc062723c751e8b465ee728b)
Start importing Assets/_Scenes/Level 7.unity using Guid(aed831b22e71f1146b931ac7f95f1642) Importer(815301076,1909f56bfc062723c751e8b465ee728b)  -> (artifact id: '8d05fa3b1153a992a51718e16777340b') in 0.007149 seconds 
========================================================================
Received Import Request.
  Time since last request: 0.329759 seconds.
  path: Assets/_Scenes/Level 8.unity
  artifactKey: Guid(ad7d19cf107e60f439def78770dd63fe) Importer(815301076,1909f56bfc062723c751e8b465ee728b)
Start importing Assets/_Scenes/Level 8.unity using Guid(ad7d19cf107e60f439def78770dd63fe) Importer(815301076,1909f56bfc062723c751e8b465ee728b)  -> (artifact id: '70e9ac28072b6f3e02b53bbc41228650') in 0.006670 seconds 
========================================================================
Received Import Request.
  Time since last request: 0.299662 seconds.
  path: Assets/_Scenes/Level 9.unity
  artifactKey: Guid(7885c00670fa30245bbb0e28e79984e0) Importer(815301076,1909f56bfc062723c751e8b465ee728b)
Start importing Assets/_Scenes/Level 9.unity using Guid(7885c00670fa30245bbb0e28e79984e0) Importer(815301076,1909f56bfc062723c751e8b465ee728b)  -> (artifact id: '3f397949257e4b6177f6700cab2ec8c7') in 0.007042 seconds 
========================================================================
Received Import Request.
  Time since last request: 0.350763 seconds.
  path: Assets/_Scenes/Level 10.unity
  artifactKey: Guid(90404aad56f19b741a10cb0930fe8431) Importer(815301076,1909f56bfc062723c751e8b465ee728b)
Start importing Assets/_Scenes/Level 10.unity using Guid(90404aad56f19b741a10cb0930fe8431) Importer(815301076,1909f56bfc062723c751e8b465ee728b)  -> (artifact id: '3ef51d23fc65c7670d147e72cfb0d724') in 0.006970 seconds 
========================================================================
Received Import Request.
  Time since last request: 2.418506 seconds.
  path: Assets/_Scenes/Level 11.unity
  artifactKey: Guid(2c63f34b7eed7664c80652d0056ea046) Importer(815301076,1909f56bfc062723c751e8b465ee728b)
Start importing Assets/_Scenes/Level 11.unity using Guid(2c63f34b7eed7664c80652d0056ea046) Importer(815301076,1909f56bfc062723c751e8b465ee728b)  -> (artifact id: 'e90f0e61adc8cbcf700fcd2992fc4df0') in 0.007410 seconds 
========================================================================
Received Import Request.
  Time since last request: 0.348575 seconds.
  path: Assets/_Scenes/Level 12.unity
  artifactKey: Guid(c2e3482ef23397e419ea4aab63a167e4) Importer(815301076,1909f56bfc062723c751e8b465ee728b)
Start importing Assets/_Scenes/Level 12.unity using Guid(c2e3482ef23397e419ea4aab63a167e4) Importer(815301076,1909f56bfc062723c751e8b465ee728b)  -> (artifact id: '91574f27bc392afcd26a7ec0e9411a81') in 0.006621 seconds 
========================================================================
Received Import Request.
  Time since last request: 0.295773 seconds.
  path: Assets/_Scenes/Level 13.unity
  artifactKey: Guid(aec412f98a6d3b9448b93bf717c0a516) Importer(815301076,1909f56bfc062723c751e8b465ee728b)
Start importing Assets/_Scenes/Level 13.unity using Guid(aec412f98a6d3b9448b93bf717c0a516) Importer(815301076,1909f56bfc062723c751e8b465ee728b)  -> (artifact id: '65a55f70960ea3b0ab38515e834ec241') in 0.008051 seconds 
========================================================================
Received Import Request.
  Time since last request: 0.323337 seconds.
  path: Assets/_Scenes/Level 14.unity
  artifactKey: Guid(96ed757891078454abef9b32e9ff77b5) Importer(815301076,1909f56bfc062723c751e8b465ee728b)
Start importing Assets/_Scenes/Level 14.unity using Guid(96ed757891078454abef9b32e9ff77b5) Importer(815301076,1909f56bfc062723c751e8b465ee728b)  -> (artifact id: '4d5fa6b41887cbfdb658e8753ff37659') in 0.007353 seconds 
========================================================================
Received Import Request.
  Time since last request: 0.452417 seconds.
  path: Assets/_Scenes/Level 15.unity
  artifactKey: Guid(ee1e0ce31063ce045846b725f18d157a) Importer(815301076,1909f56bfc062723c751e8b465ee728b)
Start importing Assets/_Scenes/Level 15.unity using Guid(ee1e0ce31063ce045846b725f18d157a) Importer(815301076,1909f56bfc062723c751e8b465ee728b)  -> (artifact id: '31bb408b48a868ae7a678d8147503d03') in 0.007565 seconds 
========================================================================
Received Import Request.
  Time since last request: 1677.611288 seconds.
  path: Assets/_Scenes/Level 2.unity
  artifactKey: Guid(0c9772a9c0985964db35978b592a49d3) Importer(815301076,1909f56bfc062723c751e8b465ee728b)
Start importing Assets/_Scenes/Level 2.unity using Guid(0c9772a9c0985964db35978b592a49d3) Importer(815301076,1909f56bfc062723c751e8b465ee728b)  -> (artifact id: '99883221e332f75d9b39bd52d1c7b0ff') in 0.002410 seconds 
========================================================================
Received Import Request.
  Time since last request: 1.378660 seconds.
  path: Assets/_Scenes/Level 1.unity
  artifactKey: Guid(35859250ddaefc648b31e63e0ce86d8d) Importer(815301076,1909f56bfc062723c751e8b465ee728b)
Start importing Assets/_Scenes/Level 1.unity using Guid(35859250ddaefc648b31e63e0ce86d8d) Importer(815301076,1909f56bfc062723c751e8b465ee728b)  -> (artifact id: '0575214d2f63a5e76382bf03ec6626f2') in 0.002525 seconds 
========================================================================
Received Import Request.
  Time since last request: 422.318286 seconds.
  path: Assets/_Scenes/Level 3.unity
  artifactKey: Guid(a037f45e18833bc4783c8a611678ff55) Importer(815301076,1909f56bfc062723c751e8b465ee728b)
Start importing Assets/_Scenes/Level 3.unity using Guid(a037f45e18833bc4783c8a611678ff55) Importer(815301076,1909f56bfc062723c751e8b465ee728b)  -> (artifact id: '93be88998c97600bf7d587c9067fdaae') in 0.007380 seconds 
========================================================================
Received Import Request.
  Time since last request: 15.320373 seconds.
  path: Assets/_Scenes/Level 4.unity
  artifactKey: Guid(d325b3775196bd5459896e133e403de4) Importer(815301076,1909f56bfc062723c751e8b465ee728b)
Start importing Assets/_Scenes/Level 4.unity using Guid(d325b3775196bd5459896e133e403de4) Importer(815301076,1909f56bfc062723c751e8b465ee728b)  -> (artifact id: 'ad990fd0d61e4d2d3e871eb4efdacb6c') in 0.002511 seconds 
========================================================================
Received Import Request.
  Time since last request: 149.437688 seconds.
  path: Assets/_Scenes/Level 5.unity
  artifactKey: Guid(02a2300f76e4ef640b4be3ea8460940e) Importer(815301076,1909f56bfc062723c751e8b465ee728b)
Start importing Assets/_Scenes/Level 5.unity using Guid(02a2300f76e4ef640b4be3ea8460940e) Importer(815301076,1909f56bfc062723c751e8b465ee728b)  -> (artifact id: '41b43c93934ae7d7eac83aaf265cab9c') in 0.002351 seconds 
========================================================================
Received Import Request.
  Time since last request: 167.904148 seconds.
  path: Assets/_Scenes/Level 5.unity
  artifactKey: Guid(02a2300f76e4ef640b4be3ea8460940e) Importer(815301076,1909f56bfc062723c751e8b465ee728b)
Start importing Assets/_Scenes/Level 5.unity using Guid(02a2300f76e4ef640b4be3ea8460940e) Importer(815301076,1909f56bfc062723c751e8b465ee728b)  -> (artifact id: 'a50d02dbc400aaa01dd48cc6281f104a') in 0.002427 seconds 
========================================================================
Received Import Request.
  Time since last request: 67.693172 seconds.
  path: Assets/_Scenes/Level 6.unity
  artifactKey: Guid(6d43ab3da928bae48843d09418987d6a) Importer(815301076,1909f56bfc062723c751e8b465ee728b)
Start importing Assets/_Scenes/Level 6.unity using Guid(6d43ab3da928bae48843d09418987d6a) Importer(815301076,1909f56bfc062723c751e8b465ee728b)  -> (artifact id: '2595d5cd9af647aa84bb25d1a0adda9d') in 0.002561 seconds 
========================================================================
Received Import Request.
  Time since last request: 82.842061 seconds.
  path: Assets/_Scenes/Level 5.unity
  artifactKey: Guid(02a2300f76e4ef640b4be3ea8460940e) Importer(815301076,1909f56bfc062723c751e8b465ee728b)
Start importing Assets/_Scenes/Level 5.unity using Guid(02a2300f76e4ef640b4be3ea8460940e) Importer(815301076,1909f56bfc062723c751e8b465ee728b)  -> (artifact id: 'a226ef46cd2451a0f992d131ef1da0fa') in 0.002801 seconds 
========================================================================
Received Import Request.
  Time since last request: 0.442491 seconds.
  path: Assets/_Scenes/Level 6.unity
  artifactKey: Guid(6d43ab3da928bae48843d09418987d6a) Importer(815301076,1909f56bfc062723c751e8b465ee728b)
Start importing Assets/_Scenes/Level 6.unity using Guid(6d43ab3da928bae48843d09418987d6a) Importer(815301076,1909f56bfc062723c751e8b465ee728b)  -> (artifact id: '0967b350c33f9f42230235e6f25e64de') in 0.002337 seconds 
========================================================================
Received Import Request.
  Time since last request: 0.319528 seconds.
  path: Assets/_Scenes/Level 7.unity
  artifactKey: Guid(95075ed0959856a4e903e2697d2242bb) Importer(815301076,1909f56bfc062723c751e8b465ee728b)
Start importing Assets/_Scenes/Level 7.unity using Guid(95075ed0959856a4e903e2697d2242bb) Importer(815301076,1909f56bfc062723c751e8b465ee728b)  -> (artifact id: '4aa03966f1d4da58275ef97b958b533e') in 0.002390 seconds 
========================================================================
Received Import Request.
  Time since last request: 145.883870 seconds.
  path: Assets/_Scenes/Level 7.unity
  artifactKey: Guid(95075ed0959856a4e903e2697d2242bb) Importer(815301076,1909f56bfc062723c751e8b465ee728b)
Start importing Assets/_Scenes/Level 7.unity using Guid(95075ed0959856a4e903e2697d2242bb) Importer(815301076,1909f56bfc062723c751e8b465ee728b)  -> (artifact id: '4e129401d02b5e4aefe4e16916acc75a') in 0.002675 seconds 
========================================================================
Received Import Request.
  Time since last request: 0.821807 seconds.
  path: Assets/_Scenes/Level 8.unity
  artifactKey: Guid(71320d60984318b4da5c29fd758ba00f) Importer(815301076,1909f56bfc062723c751e8b465ee728b)
Start importing Assets/_Scenes/Level 8.unity using Guid(71320d60984318b4da5c29fd758ba00f) Importer(815301076,1909f56bfc062723c751e8b465ee728b)  -> (artifact id: 'cab831793140c384197a1de00cb1d69f') in 0.002330 seconds 
========================================================================
Received Import Request.
  Time since last request: 174.552546 seconds.
  path: Assets/_Scenes/Level 7.unity
  artifactKey: Guid(95075ed0959856a4e903e2697d2242bb) Importer(815301076,1909f56bfc062723c751e8b465ee728b)
Start importing Assets/_Scenes/Level 7.unity using Guid(95075ed0959856a4e903e2697d2242bb) Importer(815301076,1909f56bfc062723c751e8b465ee728b)  -> (artifact id: '666e65b8ec90222372da956c6194ecad') in 0.002907 seconds 
========================================================================
Received Import Request.
  Time since last request: 0.915531 seconds.
  path: Assets/_Scenes/Level 8.unity
  artifactKey: Guid(71320d60984318b4da5c29fd758ba00f) Importer(815301076,1909f56bfc062723c751e8b465ee728b)
Start importing Assets/_Scenes/Level 8.unity using Guid(71320d60984318b4da5c29fd758ba00f) Importer(815301076,1909f56bfc062723c751e8b465ee728b)  -> (artifact id: '4c1f337dcd8808e7d58f15970a86b653') in 0.002454 seconds 
========================================================================
Received Import Request.
  Time since last request: 65.445908 seconds.
  path: Assets/_Scenes/Level 8.unity
  artifactKey: Guid(71320d60984318b4da5c29fd758ba00f) Importer(815301076,1909f56bfc062723c751e8b465ee728b)
Start importing Assets/_Scenes/Level 8.unity using Guid(71320d60984318b4da5c29fd758ba00f) Importer(815301076,1909f56bfc062723c751e8b465ee728b)  -> (artifact id: '93ab8a1d05ae4601d6bfa5e2a690a73c') in 0.002720 seconds 
========================================================================
Received Import Request.
  Time since last request: 28.430559 seconds.
  path: Assets/_Scenes/Level 7.unity
  artifactKey: Guid(95075ed0959856a4e903e2697d2242bb) Importer(815301076,1909f56bfc062723c751e8b465ee728b)
Start importing Assets/_Scenes/Level 7.unity using Guid(95075ed0959856a4e903e2697d2242bb) Importer(815301076,1909f56bfc062723c751e8b465ee728b)  -> (artifact id: '736f253c0628f8a52005e8e5227cf3fa') in 0.002783 seconds 
========================================================================
Received Import Request.
  Time since last request: 79.554976 seconds.
  path: Assets/_Scenes/Level 8.unity
  artifactKey: Guid(71320d60984318b4da5c29fd758ba00f) Importer(815301076,1909f56bfc062723c751e8b465ee728b)
Start importing Assets/_Scenes/Level 8.unity using Guid(71320d60984318b4da5c29fd758ba00f) Importer(815301076,1909f56bfc062723c751e8b465ee728b)  -> (artifact id: 'dfdd9f8626142c2fc19b3054fcf36856') in 0.002380 seconds 
========================================================================
Received Import Request.
  Time since last request: 16.597771 seconds.
  path: Assets/_Scenes/Level 9.unity
  artifactKey: Guid(9f62c2e5718891c41b6976fe800caa9d) Importer(815301076,1909f56bfc062723c751e8b465ee728b)
Start importing Assets/_Scenes/Level 9.unity using Guid(9f62c2e5718891c41b6976fe800caa9d) Importer(815301076,1909f56bfc062723c751e8b465ee728b)  -> (artifact id: '6015089c9c1c09f998f9f538a266cfc4') in 0.007153 seconds 
========================================================================
Received Import Request.
  Time since last request: 220.237516 seconds.
  path: Assets/_Scenes/Level 10.unity
  artifactKey: Guid(bacd0c97f2084fa4dbe5361458357c91) Importer(815301076,1909f56bfc062723c751e8b465ee728b)
Start importing Assets/_Scenes/Level 10.unity using Guid(bacd0c97f2084fa4dbe5361458357c91) Importer(815301076,1909f56bfc062723c751e8b465ee728b)  -> (artifact id: '1dd327e113d19245f5f8044865d07617') in 0.002662 seconds 
========================================================================
Received Import Request.
  Time since last request: 167.770580 seconds.
  path: Assets/_Scenes/Level 10.unity
  artifactKey: Guid(bacd0c97f2084fa4dbe5361458357c91) Importer(815301076,1909f56bfc062723c751e8b465ee728b)
Start importing Assets/_Scenes/Level 10.unity using Guid(bacd0c97f2084fa4dbe5361458357c91) Importer(815301076,1909f56bfc062723c751e8b465ee728b)  -> (artifact id: 'c71f5d87732024940a0db1cb549b20c8') in 0.002449 seconds 
========================================================================
Received Import Request.
  Time since last request: 66.917667 seconds.
  path: Assets/_Scenes/Level 9.unity
  artifactKey: Guid(9f62c2e5718891c41b6976fe800caa9d) Importer(815301076,1909f56bfc062723c751e8b465ee728b)
Start importing Assets/_Scenes/Level 9.unity using Guid(9f62c2e5718891c41b6976fe800caa9d) Importer(815301076,1909f56bfc062723c751e8b465ee728b)  -> (artifact id: '89290dc90af3b6e87286612289803e1c') in 0.002783 seconds 
========================================================================
Received Import Request.
  Time since last request: 0.435326 seconds.
  path: Assets/_Scenes/Level 10.unity
  artifactKey: Guid(bacd0c97f2084fa4dbe5361458357c91) Importer(815301076,1909f56bfc062723c751e8b465ee728b)
Start importing Assets/_Scenes/Level 10.unity using Guid(bacd0c97f2084fa4dbe5361458357c91) Importer(815301076,1909f56bfc062723c751e8b465ee728b)  -> (artifact id: '54f7b7dfffadd4aae1dbeea5574f609e') in 0.002492 seconds 
========================================================================
Received Import Request.
  Time since last request: 1.448461 seconds.
  path: Assets/_Scenes/Level 7.unity
  artifactKey: Guid(95075ed0959856a4e903e2697d2242bb) Importer(815301076,1909f56bfc062723c751e8b465ee728b)
Start importing Assets/_Scenes/Level 7.unity using Guid(95075ed0959856a4e903e2697d2242bb) Importer(815301076,1909f56bfc062723c751e8b465ee728b)  -> (artifact id: '321eeb58b832a170b99d40e2e5745ea9') in 0.002619 seconds 
========================================================================
Received Import Request.
  Time since last request: 0.872759 seconds.
  path: Assets/_Scenes/Level 6.unity
  artifactKey: Guid(6d43ab3da928bae48843d09418987d6a) Importer(815301076,1909f56bfc062723c751e8b465ee728b)
Start importing Assets/_Scenes/Level 6.unity using Guid(6d43ab3da928bae48843d09418987d6a) Importer(815301076,1909f56bfc062723c751e8b465ee728b)  -> (artifact id: '7105a82dcceac97cf5d02f12b4261b5b') in 0.002684 seconds 
========================================================================
Received Import Request.
  Time since last request: 5.413374 seconds.
  path: Assets/_Scenes/Level 11.unity
  artifactKey: Guid(f8cc452e1fd4d9c44b276ba47e12e52c) Importer(815301076,1909f56bfc062723c751e8b465ee728b)
Start importing Assets/_Scenes/Level 11.unity using Guid(f8cc452e1fd4d9c44b276ba47e12e52c) Importer(815301076,1909f56bfc062723c751e8b465ee728b)  -> (artifact id: '03e6cc862327cff82e63a7a1438e5748') in 0.002427 seconds 
========================================================================
Received Import Request.
  Time since last request: 519.520267 seconds.
  path: Assets/_Scenes/Level 11.unity
  artifactKey: Guid(f8cc452e1fd4d9c44b276ba47e12e52c) Importer(815301076,1909f56bfc062723c751e8b465ee728b)
Start importing Assets/_Scenes/Level 11.unity using Guid(f8cc452e1fd4d9c44b276ba47e12e52c) Importer(815301076,1909f56bfc062723c751e8b465ee728b)  -> (artifact id: '81fc5559ca7a954416c925b9dc0db45b') in 0.002664 seconds 
========================================================================
Received Import Request.
  Time since last request: 1.749872 seconds.
  path: Assets/_Scenes/Level 12.unity
  artifactKey: Guid(9181d6e8e4e9f7e4eacd812a8f63b50f) Importer(815301076,1909f56bfc062723c751e8b465ee728b)
Start importing Assets/_Scenes/Level 12.unity using Guid(9181d6e8e4e9f7e4eacd812a8f63b50f) Importer(815301076,1909f56bfc062723c751e8b465ee728b)  -> (artifact id: '3369d7f45ebfccdbe9506588a5111356') in 0.002492 seconds 
========================================================================
Received Import Request.
  Time since last request: 460.248811 seconds.
  path: Assets/_Scenes/Level 12.unity
  artifactKey: Guid(9181d6e8e4e9f7e4eacd812a8f63b50f) Importer(815301076,1909f56bfc062723c751e8b465ee728b)
Start importing Assets/_Scenes/Level 12.unity using Guid(9181d6e8e4e9f7e4eacd812a8f63b50f) Importer(815301076,1909f56bfc062723c751e8b465ee728b)  -> (artifact id: '63f725021107f0d6826c6d3e12dc00ed') in 0.002521 seconds 
========================================================================
Received Import Request.
  Time since last request: 7.980554 seconds.
  path: Assets/_Scenes/Level 13.unity
  artifactKey: Guid(e7f2e0c41fe304f4c916e16f2cbb079b) Importer(815301076,1909f56bfc062723c751e8b465ee728b)
Start importing Assets/_Scenes/Level 13.unity using Guid(e7f2e0c41fe304f4c916e16f2cbb079b) Importer(815301076,1909f56bfc062723c751e8b465ee728b)  -> (artifact id: 'e54430f52d33460201624b79a9776d8b') in 0.007478 seconds 
========================================================================
Received Import Request.
  Time since last request: 151.981801 seconds.
  path: Assets/_Scenes/Level 13.unity
  artifactKey: Guid(e7f2e0c41fe304f4c916e16f2cbb079b) Importer(815301076,1909f56bfc062723c751e8b465ee728b)
Start importing Assets/_Scenes/Level 13.unity using Guid(e7f2e0c41fe304f4c916e16f2cbb079b) Importer(815301076,1909f56bfc062723c751e8b465ee728b)  -> (artifact id: 'e99639f29c2deed2304e1d1d0f7c17f9') in 0.002331 seconds 
========================================================================
Received Import Request.
  Time since last request: 13.049747 seconds.
  path: Assets/_Scenes/Level 14.unity
  artifactKey: Guid(4853605e6b8807b4d9cc208cc9630808) Importer(815301076,1909f56bfc062723c751e8b465ee728b)
Start importing Assets/_Scenes/Level 14.unity using Guid(4853605e6b8807b4d9cc208cc9630808) Importer(815301076,1909f56bfc062723c751e8b465ee728b)  -> (artifact id: '7f2d0d7fcf64f303ebdfbe7d648b5fef') in 0.002243 seconds 
========================================================================
Received Import Request.
  Time since last request: 33.109841 seconds.
  path: Assets/_Scenes/Level 13.unity
  artifactKey: Guid(e7f2e0c41fe304f4c916e16f2cbb079b) Importer(815301076,1909f56bfc062723c751e8b465ee728b)
Start importing Assets/_Scenes/Level 13.unity using Guid(e7f2e0c41fe304f4c916e16f2cbb079b) Importer(815301076,1909f56bfc062723c751e8b465ee728b)  -> (artifact id: 'e1e9d3c9120326428a2503b6985e7414') in 0.002533 seconds 
========================================================================
Received Import Request.
  Time since last request: 66.605673 seconds.
  path: Assets/_Scenes/Level 14.unity
  artifactKey: Guid(4853605e6b8807b4d9cc208cc9630808) Importer(815301076,1909f56bfc062723c751e8b465ee728b)
Start importing Assets/_Scenes/Level 14.unity using Guid(4853605e6b8807b4d9cc208cc9630808) Importer(815301076,1909f56bfc062723c751e8b465ee728b)  -> (artifact id: 'b953f6a0e27c11be173570cace276c57') in 0.002339 seconds 
========================================================================
Received Import Request.
  Time since last request: 92.853730 seconds.
  path: Assets/Prefabs/Defenders/Gnome.prefab
  artifactKey: Guid(0892b01b29e166040be89a65b096cd22) Importer(815301076,1909f56bfc062723c751e8b465ee728b)
Start importing Assets/Prefabs/Defenders/Gnome.prefab using Guid(0892b01b29e166040be89a65b096cd22) Importer(815301076,1909f56bfc062723c751e8b465ee728b)  -> (artifact id: '10f068c56df72065e62cf612ec58711b') in 0.119165 seconds 
========================================================================
Received Import Request.
  Time since last request: 74.385690 seconds.
  path: Assets/_Scenes/Level 14.unity
  artifactKey: Guid(4853605e6b8807b4d9cc208cc9630808) Importer(815301076,1909f56bfc062723c751e8b465ee728b)
Start importing Assets/_Scenes/Level 14.unity using Guid(4853605e6b8807b4d9cc208cc9630808) Importer(815301076,1909f56bfc062723c751e8b465ee728b)  -> (artifact id: 'c6cdcd2bcead22d84535819b5074d10c') in 0.002383 seconds 
========================================================================
Received Import Request.
  Time since last request: 0.818482 seconds.
  path: Assets/_Scenes/Level 15.unity
  artifactKey: Guid(545db051b91515b408e4bbd7374679bd) Importer(815301076,1909f56bfc062723c751e8b465ee728b)
Start importing Assets/_Scenes/Level 15.unity using Guid(545db051b91515b408e4bbd7374679bd) Importer(815301076,1909f56bfc062723c751e8b465ee728b)  -> (artifact id: '48ed1eba2b094fe14b4de72d6e493b34') in 0.002523 seconds 
========================================================================
Received Import Request.
  Time since last request: 66.234867 seconds.
  path: Assets/Scripts/LevelSelect.cs
  artifactKey: Guid(6b14a8138da267446b4aaf18b825af95) Importer(815301076,1909f56bfc062723c751e8b465ee728b)
Start importing Assets/Scripts/LevelSelect.cs using Guid(6b14a8138da267446b4aaf18b825af95) Importer(815301076,1909f56bfc062723c751e8b465ee728b)  -> (artifact id: 'd1e3296072dcb301a0a684d7a1b6eaf6') in 0.007744 seconds 
========================================================================
Received Prepare
Registering precompiled user dll's ...
Registered in 0.002703 seconds.
Begin MonoManager ReloadAssembly
Native extension for WindowsStandalone target not found
Native extension for WebGL target not found
Refreshing native plugins compatible for Editor in 0.73 ms, found 2 plugins.
Preloading 0 native plugins for Editor in 0.00 ms.
Mono: successfully reloaded assembly
- Completed reload, in  1.269 seconds
Platform modules already initialized, skipping
Refreshing native plugins compatible for Editor in 0.70 ms, found 2 plugins.
Preloading 0 native plugins for Editor in 0.00 ms.
Unloading 3392 Unused Serialized files (Serialized files now loaded: 0)
System memory in use before: 134.2 MB.
System memory in use after: 134.3 MB.

Unloading 17 unused Assets to reduce memory usage. Loaded Objects now: 3887.
Total: 2.909900 ms (FindLiveObjects: 0.399000 ms CreateObjectMapping: 0.138400 ms MarkObjects: 2.256800 ms  DeleteObjects: 0.114400 ms)

========================================================================
Received Prepare
Registering precompiled user dll's ...
Registered in 0.002844 seconds.
Begin MonoManager ReloadAssembly
Native extension for WindowsStandalone target not found
Native extension for WebGL target not found
Refreshing native plugins compatible for Editor in 0.67 ms, found 2 plugins.
Preloading 0 native plugins for Editor in 0.00 ms.
Mono: successfully reloaded assembly
- Completed reload, in  1.172 seconds
Platform modules already initialized, skipping
Refreshing native plugins compatible for Editor in 0.67 ms, found 2 plugins.
Preloading 0 native plugins for Editor in 0.00 ms.
Unloading 3392 Unused Serialized files (Serialized files now loaded: 0)
System memory in use before: 134.2 MB.
System memory in use after: 134.3 MB.

Unloading 17 unused Assets to reduce memory usage. Loaded Objects now: 3891.
Total: 2.468100 ms (FindLiveObjects: 0.296200 ms CreateObjectMapping: 0.102300 ms MarkObjects: 1.964900 ms  DeleteObjects: 0.103800 ms)

========================================================================
Received Import Request.
  Time since last request: 49.482649 seconds.
  path: Assets/Scripts/LevelSelect.cs
  artifactKey: Guid(6b14a8138da267446b4aaf18b825af95) Importer(815301076,1909f56bfc062723c751e8b465ee728b)
Start importing Assets/Scripts/LevelSelect.cs using Guid(6b14a8138da267446b4aaf18b825af95) Importer(815301076,1909f56bfc062723c751e8b465ee728b)  -> (artifact id: '578ef312b3c2297864566fb994b8d1eb') in 0.010514 seconds 
========================================================================
Received Import Request.
  Time since last request: 31.375959 seconds.
  path: Assets/Scripts/LevelLoader.cs
  artifactKey: Guid(3a684b9afead8c949a4b2d73e5d869ef) Importer(815301076,1909f56bfc062723c751e8b465ee728b)
Start importing Assets/Scripts/LevelLoader.cs using Guid(3a684b9afead8c949a4b2d73e5d869ef) Importer(815301076,1909f56bfc062723c751e8b465ee728b)  -> (artifact id: '8897b1f52102d55c52fe38655b52034c') in 0.007702 seconds 
========================================================================
Received Prepare
Registering precompiled user dll's ...
Registered in 0.002692 seconds.
Begin MonoManager ReloadAssembly
Native extension for WindowsStandalone target not found
Native extension for WebGL target not found
Refreshing native plugins compatible for Editor in 0.96 ms, found 2 plugins.
Preloading 0 native plugins for Editor in 0.00 ms.
Mono: successfully reloaded assembly
- Completed reload, in  1.166 seconds
Platform modules already initialized, skipping
Refreshing native plugins compatible for Editor in 0.81 ms, found 2 plugins.
Preloading 0 native plugins for Editor in 0.00 ms.
Unloading 3392 Unused Serialized files (Serialized files now loaded: 0)
System memory in use before: 134.2 MB.
System memory in use after: 134.3 MB.

Unloading 17 unused Assets to reduce memory usage. Loaded Objects now: 3895.
Total: 3.032400 ms (FindLiveObjects: 0.516500 ms CreateObjectMapping: 0.181600 ms MarkObjects: 2.223700 ms  DeleteObjects: 0.109100 ms)

========================================================================
Received Import Request.
  Time since last request: 76.522268 seconds.
  path: Assets/Scripts/LevelLoader.cs
  artifactKey: Guid(3a684b9afead8c949a4b2d73e5d869ef) Importer(815301076,1909f56bfc062723c751e8b465ee728b)
Start importing Assets/Scripts/LevelLoader.cs using Guid(3a684b9afead8c949a4b2d73e5d869ef) Importer(815301076,1909f56bfc062723c751e8b465ee728b)  -> (artifact id: '4c4edb003dd186c3a999642945ff33e1') in 0.005884 seconds 
========================================================================
Received Prepare
Registering precompiled user dll's ...
Registered in 0.002718 seconds.
Begin MonoManager ReloadAssembly
Native extension for WindowsStandalone target not found
Native extension for WebGL target not found
Refreshing native plugins compatible for Editor in 0.65 ms, found 2 plugins.
Preloading 0 native plugins for Editor in 0.00 ms.
Mono: successfully reloaded assembly
- Completed reload, in  1.173 seconds
Platform modules already initialized, skipping
Refreshing native plugins compatible for Editor in 0.67 ms, found 2 plugins.
Preloading 0 native plugins for Editor in 0.00 ms.
Unloading 3392 Unused Serialized files (Serialized files now loaded: 0)
System memory in use before: 134.2 MB.
System memory in use after: 134.3 MB.

Unloading 17 unused Assets to reduce memory usage. Loaded Objects now: 3899.
Total: 2.807000 ms (FindLiveObjects: 0.382200 ms CreateObjectMapping: 0.096100 ms MarkObjects: 2.217600 ms  DeleteObjects: 0.109800 ms)

========================================================================
Received Import Request.
  Time since last request: 57.633778 seconds.
  path: Assets/Scripts/LevelSelect.cs
  artifactKey: Guid(6b14a8138da267446b4aaf18b825af95) Importer(815301076,1909f56bfc062723c751e8b465ee728b)
Start importing Assets/Scripts/LevelSelect.cs using Guid(6b14a8138da267446b4aaf18b825af95) Importer(815301076,1909f56bfc062723c751e8b465ee728b)  -> (artifact id: 'd2037b502c2fdc12a22061f443af92b6') in 0.006059 seconds 
========================================================================
Received Import Request.
  Time since last request: 53.213840 seconds.
  path: Assets/_Scenes/Level 15.unity
  artifactKey: Guid(545db051b91515b408e4bbd7374679bd) Importer(815301076,1909f56bfc062723c751e8b465ee728b)
Start importing Assets/_Scenes/Level 15.unity using Guid(545db051b91515b408e4bbd7374679bd) Importer(815301076,1909f56bfc062723c751e8b465ee728b)  -> (artifact id: '6f8775d5f17b7d860ce8187b05e8ffff') in 0.011994 seconds 
========================================================================
Received Import Request.
  Time since last request: 60.928221 seconds.
  path: Assets/_Scenes/Start Menu.unity
  artifactKey: Guid(8b89af2bc9f5cbb4d9bca7ba19485143) Importer(815301076,1909f56bfc062723c751e8b465ee728b)
Start importing Assets/_Scenes/Start Menu.unity using Guid(8b89af2bc9f5cbb4d9bca7ba19485143) Importer(815301076,1909f56bfc062723c751e8b465ee728b)  -> (artifact id: '41080f8c3b8d18e3c86774b610d92f02') in 0.007241 seconds 
========================================================================
Received Import Request.
  Time since last request: 6.400354 seconds.
  path: Assets/_Scenes/Start Menu 1.unity
  artifactKey: Guid(165a200b804c0004f803881669874364) Importer(815301076,1909f56bfc062723c751e8b465ee728b)
Start importing Assets/_Scenes/Start Menu 1.unity using Guid(165a200b804c0004f803881669874364) Importer(815301076,1909f56bfc062723c751e8b465ee728b)  -> (artifact id: '7bab10805c09e9c827b9701f59a54c59') in 0.006804 seconds 
========================================================================
Received Import Request.
  Time since last request: 35.465781 seconds.
  path: Assets/_Scenes/Level Select Menu.unity
  artifactKey: Guid(165a200b804c0004f803881669874364) Importer(815301076,1909f56bfc062723c751e8b465ee728b)
Start importing Assets/_Scenes/Level Select Menu.unity using Guid(165a200b804c0004f803881669874364) Importer(815301076,1909f56bfc062723c751e8b465ee728b)  -> (artifact id: '16242ca750560ed9b812b5b2a5b43146') in 0.006753 seconds 
========================================================================
Received Import Request.
  Time since last request: 71.097227 seconds.
  path: Assets/Sprites/Images/Glitch_Fox_1920x1080.jpg
  artifactKey: Guid(6df68c4a1507faa4b96c5293dd3e6f90) Importer(815301076,1909f56bfc062723c751e8b465ee728b)
Start importing Assets/Sprites/Images/Glitch_Fox_1920x1080.jpg using Guid(6df68c4a1507faa4b96c5293dd3e6f90) Importer(815301076,1909f56bfc062723c751e8b465ee728b)  -> (artifact id: '0dda74e53dc3d18d1b957503c04a0c88') in 0.118727 seconds 
========================================================================
Received Import Request.
  Time since last request: 0.000168 seconds.
  path: Assets/Sprites/Images/Glitch_Street_Spirits_1920x1080.jpg
  artifactKey: Guid(ba3785762f7599044942c3c5cd18a9e3) Importer(815301076,1909f56bfc062723c751e8b465ee728b)
Start importing Assets/Sprites/Images/Glitch_Street_Spirits_1920x1080.jpg using Guid(ba3785762f7599044942c3c5cd18a9e3) Importer(815301076,1909f56bfc062723c751e8b465ee728b)  -> (artifact id: 'cf85080ba01c2fa0e319406bfc9d8a01') in 0.024539 seconds 
========================================================================
Received Import Request.
  Time since last request: 0.000215 seconds.
  path: Assets/Sprites/Images/Glitch_Yoga_Frog_1920x1080_2.jpg
  artifactKey: Guid(c2757cc6f1571be448646719ea146ca1) Importer(815301076,1909f56bfc062723c751e8b465ee728b)
Start importing Assets/Sprites/Images/Glitch_Yoga_Frog_1920x1080_2.jpg using Guid(c2757cc6f1571be448646719ea146ca1) Importer(815301076,1909f56bfc062723c751e8b465ee728b)  -> (artifact id: '306d38d58fa45d074700a2c166624b0d') in 0.024978 seconds 
========================================================================
Received Prepare
Registering precompiled user dll's ...
Registered in 0.002696 seconds.
Begin MonoManager ReloadAssembly
Native extension for WindowsStandalone target not found
Native extension for WebGL target not found
Refreshing native plugins compatible for Editor in 0.68 ms, found 2 plugins.
Preloading 0 native plugins for Editor in 0.00 ms.
Mono: successfully reloaded assembly
- Completed reload, in  1.191 seconds
Platform modules already initialized, skipping
Refreshing native plugins compatible for Editor in 0.63 ms, found 2 plugins.
Preloading 0 native plugins for Editor in 0.00 ms.
Unloading 3395 Unused Serialized files (Serialized files now loaded: 0)
System memory in use before: 138.6 MB.
System memory in use after: 138.7 MB.

Unloading 17 unused Assets to reduce memory usage. Loaded Objects now: 3952.
Total: 2.839400 ms (FindLiveObjects: 0.373100 ms CreateObjectMapping: 0.087500 ms MarkObjects: 2.262900 ms  DeleteObjects: 0.114400 ms)

========================================================================
Received Prepare
Registering precompiled user dll's ...
Registered in 0.002709 seconds.
Begin MonoManager ReloadAssembly
Native extension for WindowsStandalone target not found
Native extension for WebGL target not found
Refreshing native plugins compatible for Editor in 0.91 ms, found 2 plugins.
Preloading 0 native plugins for Editor in 0.00 ms.
Mono: successfully reloaded assembly
- Completed reload, in  1.169 seconds
Platform modules already initialized, skipping
Refreshing native plugins compatible for Editor in 0.65 ms, found 2 plugins.
Preloading 0 native plugins for Editor in 0.00 ms.
Unloading 3392 Unused Serialized files (Serialized files now loaded: 0)
System memory in use before: 138.5 MB.
System memory in use after: 138.6 MB.

Unloading 17 unused Assets to reduce memory usage. Loaded Objects now: 3956.
Total: 2.823900 ms (FindLiveObjects: 0.335900 ms CreateObjectMapping: 0.141400 ms MarkObjects: 2.224100 ms  DeleteObjects: 0.120900 ms)

========================================================================
Received Prepare
Registering precompiled user dll's ...
Registered in 0.003091 seconds.
Begin MonoManager ReloadAssembly
Native extension for WindowsStandalone target not found
Native extension for WebGL target not found
Refreshing native plugins compatible for Editor in 1.26 ms, found 2 plugins.
Preloading 0 native plugins for Editor in 0.00 ms.
Mono: successfully reloaded assembly
- Completed reload, in  1.159 seconds
Platform modules already initialized, skipping
Refreshing native plugins compatible for Editor in 0.78 ms, found 2 plugins.
Preloading 0 native plugins for Editor in 0.00 ms.
Unloading 3392 Unused Serialized files (Serialized files now loaded: 0)
System memory in use before: 138.5 MB.
System memory in use after: 138.6 MB.

Unloading 17 unused Assets to reduce memory usage. Loaded Objects now: 3960.
Total: 2.558500 ms (FindLiveObjects: 0.340400 ms CreateObjectMapping: 0.091800 ms MarkObjects: 2.019800 ms  DeleteObjects: 0.105200 ms)

========================================================================
Received Prepare
Registering precompiled user dll's ...
Registered in 0.002618 seconds.
Begin MonoManager ReloadAssembly
Native extension for WindowsStandalone target not found
Native extension for WebGL target not found
Refreshing native plugins compatible for Editor in 0.67 ms, found 2 plugins.
Preloading 0 native plugins for Editor in 0.00 ms.
Mono: successfully reloaded assembly
- Completed reload, in  1.142 seconds
Platform modules already initialized, skipping
Refreshing native plugins compatible for Editor in 0.62 ms, found 2 plugins.
Preloading 0 native plugins for Editor in 0.00 ms.
Unloading 3392 Unused Serialized files (Serialized files now loaded: 0)
System memory in use before: 138.5 MB.
System memory in use after: 138.6 MB.

Unloading 17 unused Assets to reduce memory usage. Loaded Objects now: 3964.
Total: 2.960100 ms (FindLiveObjects: 0.335800 ms CreateObjectMapping: 0.135900 ms MarkObjects: 2.372400 ms  DeleteObjects: 0.114800 ms)

========================================================================
Received Prepare
Registering precompiled user dll's ...
Registered in 0.003138 seconds.
Begin MonoManager ReloadAssembly
Native extension for WindowsStandalone target not found
Native extension for WebGL target not found
Refreshing native plugins compatible for Editor in 1.03 ms, found 2 plugins.
Preloading 0 native plugins for Editor in 0.00 ms.
Mono: successfully reloaded assembly
- Completed reload, in  1.216 seconds
Platform modules already initialized, skipping
Refreshing native plugins compatible for Editor in 0.66 ms, found 2 plugins.
Preloading 0 native plugins for Editor in 0.00 ms.
Unloading 3392 Unused Serialized files (Serialized files now loaded: 0)
System memory in use before: 138.5 MB.
System memory in use after: 138.6 MB.

Unloading 17 unused Assets to reduce memory usage. Loaded Objects now: 3968.
Total: 2.593800 ms (FindLiveObjects: 0.326200 ms CreateObjectMapping: 0.090500 ms MarkObjects: 2.068300 ms  DeleteObjects: 0.107800 ms)

========================================================================
Received Prepare
Registering precompiled user dll's ...
Registered in 0.002866 seconds.
Begin MonoManager ReloadAssembly
Native extension for WindowsStandalone target not found
Native extension for WebGL target not found
Refreshing native plugins compatible for Editor in 0.64 ms, found 2 plugins.
Preloading 0 native plugins for Editor in 0.00 ms.
Mono: successfully reloaded assembly
- Completed reload, in  1.175 seconds
Platform modules already initialized, skipping
Refreshing native plugins compatible for Editor in 0.78 ms, found 2 plugins.
Preloading 0 native plugins for Editor in 0.00 ms.
Unloading 3392 Unused Serialized files (Serialized files now loaded: 0)
System memory in use before: 138.5 MB.
System memory in use after: 138.6 MB.

Unloading 17 unused Assets to reduce memory usage. Loaded Objects now: 3972.
Total: 2.786800 ms (FindLiveObjects: 0.362600 ms CreateObjectMapping: 0.104400 ms MarkObjects: 2.208300 ms  DeleteObjects: 0.110300 ms)

========================================================================
Received Import Request.
  Time since last request: 5618.444476 seconds.
  path: Assets/Scripts/PlayerPrefsController.cs
  artifactKey: Guid(b9c270a071a55ac479f3352e12ba44c2) Importer(815301076,1909f56bfc062723c751e8b465ee728b)
Start importing Assets/Scripts/PlayerPrefsController.cs using Guid(b9c270a071a55ac479f3352e12ba44c2) Importer(815301076,1909f56bfc062723c751e8b465ee728b)  -> (artifact id: '5f41e72b762eacabf634f5ae49629a9a') in 0.011584 seconds 
========================================================================
Received Import Request.
  Time since last request: 1465.908087 seconds.
  path: Assets/Scripts/PlayerPrefsController.cs
  artifactKey: Guid(b9c270a071a55ac479f3352e12ba44c2) Importer(815301076,1909f56bfc062723c751e8b465ee728b)
Start importing Assets/Scripts/PlayerPrefsController.cs using Guid(b9c270a071a55ac479f3352e12ba44c2) Importer(815301076,1909f56bfc062723c751e8b465ee728b)  -> (artifact id: '4e3b28b93d9f82f8260a389047087645') in 0.002308 seconds 
========================================================================
Received Prepare
Registering precompiled user dll's ...
Registered in 0.002990 seconds.
Begin MonoManager ReloadAssembly
Native extension for WindowsStandalone target not found
Native extension for WebGL target not found
Refreshing native plugins compatible for Editor in 0.62 ms, found 2 plugins.
Preloading 0 native plugins for Editor in 0.00 ms.
Mono: successfully reloaded assembly
- Completed reload, in  1.164 seconds
Platform modules already initialized, skipping
Refreshing native plugins compatible for Editor in 0.66 ms, found 2 plugins.
Preloading 0 native plugins for Editor in 0.00 ms.
Unloading 3392 Unused Serialized files (Serialized files now loaded: 0)
System memory in use before: 138.5 MB.
System memory in use after: 138.6 MB.

Unloading 17 unused Assets to reduce memory usage. Loaded Objects now: 3976.
Total: 3.316000 ms (FindLiveObjects: 0.569000 ms CreateObjectMapping: 0.162200 ms MarkObjects: 2.465900 ms  DeleteObjects: 0.116600 ms)

========================================================================
Received Import Request.
  Time since last request: 1064.101438 seconds.
  path: Assets/Scripts/PlayerPrefsController.cs
  artifactKey: Guid(b9c270a071a55ac479f3352e12ba44c2) Importer(815301076,1909f56bfc062723c751e8b465ee728b)
Start importing Assets/Scripts/PlayerPrefsController.cs using Guid(b9c270a071a55ac479f3352e12ba44c2) Importer(815301076,1909f56bfc062723c751e8b465ee728b)  -> (artifact id: '15622f6863bfb0d0584bfe966e02c566') in 0.006249 seconds 
========================================================================
Received Prepare
Registering precompiled user dll's ...
Registered in 0.003328 seconds.
Begin MonoManager ReloadAssembly
Native extension for WindowsStandalone target not found
Native extension for WebGL target not found
Refreshing native plugins compatible for Editor in 1.02 ms, found 2 plugins.
Preloading 0 native plugins for Editor in 0.00 ms.
Mono: successfully reloaded assembly
- Completed reload, in  1.175 seconds
Platform modules already initialized, skipping
Refreshing native plugins compatible for Editor in 0.68 ms, found 2 plugins.
Preloading 0 native plugins for Editor in 0.00 ms.
Unloading 3392 Unused Serialized files (Serialized files now loaded: 0)
System memory in use before: 138.5 MB.
System memory in use after: 138.6 MB.

Unloading 17 unused Assets to reduce memory usage. Loaded Objects now: 3980.
Total: 4.060700 ms (FindLiveObjects: 0.433600 ms CreateObjectMapping: 0.151600 ms MarkObjects: 3.349200 ms  DeleteObjects: 0.124900 ms)

========================================================================
Received Prepare
Registering precompiled user dll's ...
Registered in 0.002902 seconds.
Begin MonoManager ReloadAssembly
Native extension for WindowsStandalone target not found
Native extension for WebGL target not found
Refreshing native plugins compatible for Editor in 0.62 ms, found 2 plugins.
Preloading 0 native plugins for Editor in 0.00 ms.
Mono: successfully reloaded assembly
- Completed reload, in  1.098 seconds
Platform modules already initialized, skipping
Refreshing native plugins compatible for Editor in 0.63 ms, found 2 plugins.
Preloading 0 native plugins for Editor in 0.00 ms.
Unloading 3392 Unused Serialized files (Serialized files now loaded: 0)
System memory in use before: 138.5 MB.
System memory in use after: 138.6 MB.

Unloading 17 unused Assets to reduce memory usage. Loaded Objects now: 3984.
Total: 2.642900 ms (FindLiveObjects: 0.319700 ms CreateObjectMapping: 0.099000 ms MarkObjects: 2.114300 ms  DeleteObjects: 0.109000 ms)

========================================================================
Received Import Request.
  Time since last request: 568.075444 seconds.
  path: Assets/_Scenes/Level Select Menu.unity
  artifactKey: Guid(165a200b804c0004f803881669874364) Importer(815301076,1909f56bfc062723c751e8b465ee728b)
Start importing Assets/_Scenes/Level Select Menu.unity using Guid(165a200b804c0004f803881669874364) Importer(815301076,1909f56bfc062723c751e8b465ee728b)  -> (artifact id: '46f214f6315984191dbf4ff5f7ae0e63') in 0.014173 seconds 
========================================================================
Received Prepare
Registering precompiled user dll's ...
Registered in 0.002648 seconds.
Begin MonoManager ReloadAssembly
Native extension for WindowsStandalone target not found
Native extension for WebGL target not found
Refreshing native plugins compatible for Editor in 0.64 ms, found 2 plugins.
Preloading 0 native plugins for Editor in 0.00 ms.
Mono: successfully reloaded assembly
- Completed reload, in  1.102 seconds
Platform modules already initialized, skipping
Refreshing native plugins compatible for Editor in 0.62 ms, found 2 plugins.
Preloading 0 native plugins for Editor in 0.00 ms.
Unloading 3392 Unused Serialized files (Serialized files now loaded: 0)
System memory in use before: 138.6 MB.
System memory in use after: 138.7 MB.

Unloading 17 unused Assets to reduce memory usage. Loaded Objects now: 3988.
Total: 2.525800 ms (FindLiveObjects: 0.286300 ms CreateObjectMapping: 0.096200 ms MarkObjects: 2.041200 ms  DeleteObjects: 0.101400 ms)

========================================================================
Received Import Request.
  Time since last request: 38.975517 seconds.
  path: Assets/_Scenes/Level Select Menu.unity
  artifactKey: Guid(165a200b804c0004f803881669874364) Importer(815301076,1909f56bfc062723c751e8b465ee728b)
Start importing Assets/_Scenes/Level Select Menu.unity using Guid(165a200b804c0004f803881669874364) Importer(815301076,1909f56bfc062723c751e8b465ee728b)  -> (artifact id: 'ee4a29e988fea41f3043e6da71d2e1aa') in 0.014495 seconds 
========================================================================
Received Import Request.
  Time since last request: 3.246142 seconds.
  path: Assets/Audio/Dirge-of-the-Damned_1291886020.mp3
  artifactKey: Guid(70845b524facbdd48a9d95920260b233) Importer(815301076,1909f56bfc062723c751e8b465ee728b)
Start importing Assets/Audio/Dirge-of-the-Damned_1291886020.mp3 using Guid(70845b524facbdd48a9d95920260b233) Importer(815301076,1909f56bfc062723c751e8b465ee728b)  -> (artifact id: '14fe20d7f5fca48f34595e22d87fb097') in 0.065159 seconds 
========================================================================
Received Import Request.
  Time since last request: 0.230726 seconds.
  path: Assets/Audio/Groddle-Forest-Theme_1291876879.mp3
  artifactKey: Guid(620108cb5922cc942a3fff770d98faec) Importer(815301076,1909f56bfc062723c751e8b465ee728b)
Start importing Assets/Audio/Groddle-Forest-Theme_1291876879.mp3 using Guid(620108cb5922cc942a3fff770d98faec) Importer(815301076,1909f56bfc062723c751e8b465ee728b)  -> (artifact id: 'e95f065183228bbedf9757f3fbd263cd') in 0.013876 seconds 
========================================================================
Received Prepare
Registering precompiled user dll's ...
Registered in 0.002996 seconds.
Begin MonoManager ReloadAssembly
Native extension for WindowsStandalone target not found
Native extension for WebGL target not found
Refreshing native plugins compatible for Editor in 0.96 ms, found 2 plugins.
Preloading 0 native plugins for Editor in 0.00 ms.
Mono: successfully reloaded assembly
- Completed reload, in  1.140 seconds
Platform modules already initialized, skipping
Refreshing native plugins compatible for Editor in 0.73 ms, found 2 plugins.
Preloading 0 native plugins for Editor in 0.00 ms.
Unloading 3392 Unused Serialized files (Serialized files now loaded: 0)
System memory in use before: 138.6 MB.
System memory in use after: 138.7 MB.

Unloading 17 unused Assets to reduce memory usage. Loaded Objects now: 3995.
Total: 3.143800 ms (FindLiveObjects: 0.483300 ms CreateObjectMapping: 0.244400 ms MarkObjects: 2.300000 ms  DeleteObjects: 0.114500 ms)

========================================================================
Received Import Request.
  Time since last request: 10.184277 seconds.
  path: Assets/Audio/Groddle-Theme-Dreamland-Mix_1291876965.mp3
  artifactKey: Guid(0c497d088e4971a40aa1396c1800c1ae) Importer(815301076,1909f56bfc062723c751e8b465ee728b)
Start importing Assets/Audio/Groddle-Theme-Dreamland-Mix_1291876965.mp3 using Guid(0c497d088e4971a40aa1396c1800c1ae) Importer(815301076,1909f56bfc062723c751e8b465ee728b)  -> (artifact id: 'a91bb1a8a4efc2d174e8f654bf1ba9e6') in 0.049985 seconds 
========================================================================
Received Import Request.
  Time since last request: 5.525532 seconds.
  path: Assets/Audio/Groddle-Theme-Snappy-Mix_1291876544.mp3
  artifactKey: Guid(9a5f1a6a2402d4f48810d5ff7f825705) Importer(815301076,1909f56bfc062723c751e8b465ee728b)
Start importing Assets/Audio/Groddle-Theme-Snappy-Mix_1291876544.mp3 using Guid(9a5f1a6a2402d4f48810d5ff7f825705) Importer(815301076,1909f56bfc062723c751e8b465ee728b)  -> (artifact id: '0ba24ea6bcb4b4bc7af7c13a0bc552b3') in 0.015924 seconds 
========================================================================
Received Prepare
Registering precompiled user dll's ...
Registered in 0.002668 seconds.
Begin MonoManager ReloadAssembly
Native extension for WindowsStandalone target not found
Native extension for WebGL target not found
Refreshing native plugins compatible for Editor in 0.64 ms, found 2 plugins.
Preloading 0 native plugins for Editor in 0.00 ms.
Mono: successfully reloaded assembly
- Completed reload, in  1.127 seconds
Platform modules already initialized, skipping
Refreshing native plugins compatible for Editor in 0.93 ms, found 2 plugins.
Preloading 0 native plugins for Editor in 0.00 ms.
Unloading 3392 Unused Serialized files (Serialized files now loaded: 0)
System memory in use before: 138.7 MB.
System memory in use after: 138.8 MB.

Unloading 17 unused Assets to reduce memory usage. Loaded Objects now: 4000.
Total: 2.958400 ms (FindLiveObjects: 0.454900 ms CreateObjectMapping: 0.184100 ms MarkObjects: 2.211300 ms  DeleteObjects: 0.106400 ms)

========================================================================
Received Prepare
Registering precompiled user dll's ...
Registered in 0.003922 seconds.
Begin MonoManager ReloadAssembly
Native extension for WindowsStandalone target not found
Native extension for WebGL target not found
Refreshing native plugins compatible for Editor in 0.64 ms, found 2 plugins.
Preloading 0 native plugins for Editor in 0.00 ms.
Mono: successfully reloaded assembly
- Completed reload, in  1.132 seconds
Platform modules already initialized, skipping
Refreshing native plugins compatible for Editor in 0.64 ms, found 2 plugins.
Preloading 0 native plugins for Editor in 0.00 ms.
Unloading 3392 Unused Serialized files (Serialized files now loaded: 0)
System memory in use before: 138.7 MB.
System memory in use after: 138.8 MB.

Unloading 17 unused Assets to reduce memory usage. Loaded Objects now: 4004.
Total: 2.905200 ms (FindLiveObjects: 0.374200 ms CreateObjectMapping: 0.130500 ms MarkObjects: 2.284500 ms  DeleteObjects: 0.114900 ms)

========================================================================
Received Prepare
Refreshing native plugins compatible for Editor in 2.94 ms, found 2 plugins.
Preloading 0 native plugins for Editor in 0.00 ms.
Unloading 15 Unused Serialized files (Serialized files now loaded: 0)
System memory in use before: 71.8 MB.
System memory in use after: 71.9 MB.

Unloading 15 unused Assets to reduce memory usage. Loaded Objects now: 4004.
Total: 2.913100 ms (FindLiveObjects: 0.373400 ms CreateObjectMapping: 0.096300 ms MarkObjects: 2.327800 ms  DeleteObjects: 0.114500 ms)

========================================================================
Received Prepare
Refreshing native plugins compatible for Editor in 2.46 ms, found 2 plugins.
Preloading 0 native plugins for Editor in 0.00 ms.
Unloading 15 Unused Serialized files (Serialized files now loaded: 0)
System memory in use before: 71.8 MB.
System memory in use after: 71.9 MB.

Unloading 15 unused Assets to reduce memory usage. Loaded Objects now: 4004.
Total: 2.629100 ms (FindLiveObjects: 0.316200 ms CreateObjectMapping: 0.103200 ms MarkObjects: 2.101900 ms  DeleteObjects: 0.106900 ms)

========================================================================
Received Prepare
Refreshing native plugins compatible for Editor in 2.47 ms, found 2 plugins.
Preloading 0 native plugins for Editor in 0.00 ms.
Unloading 15 Unused Serialized files (Serialized files now loaded: 0)
System memory in use before: 71.8 MB.
System memory in use after: 71.9 MB.

Unloading 15 unused Assets to reduce memory usage. Loaded Objects now: 4004.
Total: 2.615800 ms (FindLiveObjects: 0.311900 ms CreateObjectMapping: 0.106100 ms MarkObjects: 2.092500 ms  DeleteObjects: 0.103700 ms)

========================================================================
Received Import Request.
  Time since last request: 1578.565338 seconds.
  path: Assets/_Scenes/Level 10.unity
  artifactKey: Guid(bacd0c97f2084fa4dbe5361458357c91) Importer(815301076,1909f56bfc062723c751e8b465ee728b)
Start importing Assets/_Scenes/Level 10.unity using Guid(bacd0c97f2084fa4dbe5361458357c91) Importer(815301076,1909f56bfc062723c751e8b465ee728b)  -> (artifact id: '3eb483ba5735c96c2248729a032c82d6') in 0.014965 seconds 
========================================================================
Received Import Request.
  Time since last request: 4.277264 seconds.
  path: Assets/_Scenes/Level 15.unity
  artifactKey: Guid(545db051b91515b408e4bbd7374679bd) Importer(815301076,1909f56bfc062723c751e8b465ee728b)
Start importing Assets/_Scenes/Level 15.unity using Guid(545db051b91515b408e4bbd7374679bd) Importer(815301076,1909f56bfc062723c751e8b465ee728b)  -> (artifact id: '9169b50c3dc528d9e2b97d16f7fe5372') in 0.006782 seconds 
========================================================================
Received Import Request.
  Time since last request: 159.792994 seconds.
  path: Assets/WebGLTemplates
  artifactKey: Guid(ea4c11a23a9515f45aba663bc5b925fb) Importer(815301076,1909f56bfc062723c751e8b465ee728b)
Start importing Assets/WebGLTemplates using Guid(ea4c11a23a9515f45aba663bc5b925fb) Importer(815301076,1909f56bfc062723c751e8b465ee728b)  -> (artifact id: 'befee59c889adca62db15f06363edeff') in 0.006521 seconds 
========================================================================
Received Import Request.
  Time since last request: 1.982796 seconds.
  path: Assets/WebGLTemplates/Better2020
  artifactKey: Guid(0f4b37a4a517079498937641172663c6) Importer(815301076,1909f56bfc062723c751e8b465ee728b)
Start importing Assets/WebGLTemplates/Better2020 using Guid(0f4b37a4a517079498937641172663c6) Importer(815301076,1909f56bfc062723c751e8b465ee728b)  -> (artifact id: 'ee9e16bceb9ad463c5c04cb8015d6b06') in 0.006660 seconds 
========================================================================
Received Import Request.
  Time since last request: 1.565454 seconds.
  path: Assets/WebGLTemplates/Better2020/index.html
  artifactKey: Guid(010cecec326b7164b93ad1e497c198ce) Importer(815301076,1909f56bfc062723c751e8b465ee728b)
Start importing Assets/WebGLTemplates/Better2020/index.html using Guid(010cecec326b7164b93ad1e497c198ce) Importer(815301076,1909f56bfc062723c751e8b465ee728b)  -> (artifact id: 'be3841a279e3bbb8c981187264caa232') in 0.011037 seconds 
========================================================================
Received Import Request.
  Time since last request: 0.403800 seconds.
  path: Assets/WebGLTemplates/Better2020/logo.png
  artifactKey: Guid(f830e170412fc8a46a0bc72ecad57f1a) Importer(815301076,1909f56bfc062723c751e8b465ee728b)
Start importing Assets/WebGLTemplates/Better2020/logo.png using Guid(f830e170412fc8a46a0bc72ecad57f1a) Importer(815301076,1909f56bfc062723c751e8b465ee728b)  -> (artifact id: '2d8740165e47e793ef5eea72e543b40d') in 0.008405 seconds 
========================================================================
Received Import Request.
  Time since last request: 13.759763 seconds.
  path: Assets/WebGLTemplates/Better2020/TemplateData
  artifactKey: Guid(9058e872412fc7f4cabc01e4305948e1) Importer(815301076,1909f56bfc062723c751e8b465ee728b)
Start importing Assets/WebGLTemplates/Better2020/TemplateData using Guid(9058e872412fc7f4cabc01e4305948e1) Importer(815301076,1909f56bfc062723c751e8b465ee728b)  -> (artifact id: '7917ec74246a4cb6b395cce13e865de4') in 0.006514 seconds 
========================================================================
Received Import Request.
  Time since last request: 16.615871 seconds.
  path: Assets/_Scenes/Level Select Menu.unity
  artifactKey: Guid(165a200b804c0004f803881669874364) Importer(815301076,1909f56bfc062723c751e8b465ee728b)
Start importing Assets/_Scenes/Level Select Menu.unity using Guid(165a200b804c0004f803881669874364) Importer(815301076,1909f56bfc062723c751e8b465ee728b)  -> (artifact id: 'dd8b126df7d5faff79d57f285cb4655e') in 0.007323 seconds 
========================================================================
Received Prepare
Refreshing native plugins compatible for Editor in 2.72 ms, found 2 plugins.
Preloading 0 native plugins for Editor in 0.00 ms.
Unloading 15 Unused Serialized files (Serialized files now loaded: 0)
System memory in use before: 71.8 MB.
System memory in use after: 71.9 MB.

Unloading 15 unused Assets to reduce memory usage. Loaded Objects now: 4004.
Total: 5.374900 ms (FindLiveObjects: 0.448400 ms CreateObjectMapping: 0.160000 ms MarkObjects: 4.584100 ms  DeleteObjects: 0.172600 ms)

========================================================================
Received Import Request.
  Time since last request: 1153.845838 seconds.
  path: Assets/WebGLTemplates/Better2020/thumbnail.png
  artifactKey: Guid(f626db55f3501504c8c6b7602441112d) Importer(815301076,1909f56bfc062723c751e8b465ee728b)
Start importing Assets/WebGLTemplates/Better2020/thumbnail.png using Guid(f626db55f3501504c8c6b7602441112d) Importer(815301076,1909f56bfc062723c751e8b465ee728b)  -> (artifact id: 'b749067722865cc6f933b7475377297d') in 0.011837 seconds 
========================================================================
Received Import Request.
  Time since last request: 23.787514 seconds.
  path: Assets/WebGLTemplates/Better2020/TemplateData/style.css
  artifactKey: Guid(59f7d3f3abae98343bbccf02ed108b45) Importer(815301076,1909f56bfc062723c751e8b465ee728b)
Start importing Assets/WebGLTemplates/Better2020/TemplateData/style.css using Guid(59f7d3f3abae98343bbccf02ed108b45) Importer(815301076,1909f56bfc062723c751e8b465ee728b)  -> (artifact id: '43e93ef0c3d0e704d3e4714f7040dd3f') in 0.009649 seconds 
========================================================================
Received Import Request.
  Time since last request: 68.972731 seconds.
  path: Assets/WebGLTemplates/Better2020/TemplateData/favicon.ico
  artifactKey: Guid(067a83d33a9eaba4b9b8808e63c8d03e) Importer(815301076,1909f56bfc062723c751e8b465ee728b)
Start importing Assets/WebGLTemplates/Better2020/TemplateData/favicon.ico using Guid(067a83d33a9eaba4b9b8808e63c8d03e) Importer(815301076,1909f56bfc062723c751e8b465ee728b)  -> (artifact id: 'f63b6a177443146118dfb9a289f62de8') in 0.011523 seconds 
========================================================================
Received Import Request.
  Time since last request: 9.199368 seconds.
  path: Assets/WebGLTemplates/Better2020/TemplateData/fullscreen-button.png
  artifactKey: Guid(af0851458672b61478d5b0c07252aa2c) Importer(815301076,1909f56bfc062723c751e8b465ee728b)
Start importing Assets/WebGLTemplates/Better2020/TemplateData/fullscreen-button.png using Guid(af0851458672b61478d5b0c07252aa2c) Importer(815301076,1909f56bfc062723c751e8b465ee728b)  -> (artifact id: 'd7acb1323e06cb188215970a07c86080') in 0.006631 seconds 
========================================================================
Received Import Request.
  Time since last request: 384.384701 seconds.
  path: Assets/WebGLTemplates/Better2020/Untitled.png
  artifactKey: Guid(99dccfd8563373746b6b20bdeedbab1e) Importer(815301076,1909f56bfc062723c751e8b465ee728b)
Start importing Assets/WebGLTemplates/Better2020/Untitled.png using Guid(99dccfd8563373746b6b20bdeedbab1e) Importer(815301076,1909f56bfc062723c751e8b465ee728b)  -> (artifact id: 'c4cfb5339f21a3f17e49eb8ab5127687') in 0.007436 seconds 
========================================================================
Received Import Request.
  Time since last request: 2.929129 seconds.
  path: Assets/WebGLTemplates/Better2020/logo.png
  artifactKey: Guid(99dccfd8563373746b6b20bdeedbab1e) Importer(815301076,1909f56bfc062723c751e8b465ee728b)
Start importing Assets/WebGLTemplates/Better2020/logo.png using Guid(99dccfd8563373746b6b20bdeedbab1e) Importer(815301076,1909f56bfc062723c751e8b465ee728b)  -> (artifact id: 'e90b4e7a611907884ad3f5256cae853e') in 0.002051 seconds 
========================================================================
Received Prepare
Refreshing native plugins compatible for Editor in 2.83 ms, found 2 plugins.
Preloading 0 native plugins for Editor in 0.00 ms.
Unloading 15 Unused Serialized files (Serialized files now loaded: 0)
System memory in use before: 71.9 MB.
System memory in use after: 72.0 MB.

Unloading 15 unused Assets to reduce memory usage. Loaded Objects now: 4004.
Total: 3.671900 ms (FindLiveObjects: 0.289800 ms CreateObjectMapping: 0.089500 ms MarkObjects: 3.172200 ms  DeleteObjects: 0.119400 ms)

AssetImportWorkerClient::OnTransportError - code=2 error=End of file
